#
# There is insufficient memory for the Java Runtime Environment to continue.
# Native memory allocation (malloc) failed to allocate 1090416 bytes for Chunk::new
# Possible reasons:
#   The system is out of physical RAM or swap space
#   The process is running with CompressedOops enabled, and the Java Heap may be blocking the growth of the native heap
# Possible solutions:
#   Reduce memory load on the system
#   Increase physical memory or swap space
#   Check if swap backing store is full
#   Decrease Java heap size (-Xmx/-Xms)
#   Decrease number of Java threads
#   Decrease Java thread stack sizes (-Xss)
#   Set larger code cache with -XX:ReservedCodeCacheSize=
#   JVM is running with Unscaled Compressed Oops mode in which the Java heap is
#     placed in the first 4GB address space. The Java Heap base address is the
#     maximum limit for the native heap growth. Please use -XX:HeapBaseMinAddress
#     to set the Java Heap base and to place the Java Heap above 4GB virtual address.
# This output file may be truncated or incomplete.
#
#  Out of Memory Error (./src/hotspot/share/memory/arena.cpp:197), pid=18548, tid=6500
#
# JRE version: OpenJDK Runtime Environment (11.0.11+9) (build 11.0.11+9-b60-7590822)
# Java VM: OpenJDK 64-Bit Server VM (11.0.11+9-b60-7590822, mixed mode, tiered, compressed oops, g1 gc, windows-amd64)
# No core dump will be written. Minidumps are not enabled by default on client versions of Windows
#

---------------  S U M M A R Y ------------

Command Line: --add-opens=java.base/java.util=ALL-UNNAMED --add-opens=java.base/java.lang=ALL-UNNAMED --add-opens=java.base/java.lang.invoke=ALL-UNNAMED --add-opens=java.base/java.util=ALL-UNNAMED --add-opens=java.prefs/java.util.prefs=ALL-UNNAMED --add-opens=java.prefs/java.util.prefs=ALL-UNNAMED --add-opens=java.base/java.nio.charset=ALL-UNNAMED --add-opens=java.base/java.net=ALL-UNNAMED --add-opens=java.base/java.util.concurrent.atomic=ALL-UNNAMED -Xmx2048m -Dfile.encoding=UTF-8 -Duser.country=US -Duser.language=en -Duser.variant org.gradle.launcher.daemon.bootstrap.GradleDaemon 7.2

Host: Intel(R) Core(TM) i7-9750H CPU @ 2.60GHz, 12 cores, 15G,  Windows 10 , 64 bit Build 19041 (10.0.19041.1706)
Time: Mon May 16 23:31:14 2022 SE Asia Standard Time elapsed time: 5.464688 seconds (0d 0h 0m 5s)

---------------  T H R E A D  ---------------

Current thread (0x000001c0678ce800):  JavaThread "C2 CompilerThread0" daemon [_thread_in_native, id=6500, stack(0x00000008a2100000,0x00000008a2200000)]


Current CompileTask:
C2:   5464 6112       4       java.util.TreeMap::put (247 bytes)

Stack: [0x00000008a2100000,0x00000008a2200000]
Native frames: (J=compiled Java code, j=interpreted, Vv=VM code, C=native code)
V  [jvm.dll+0x5f214a]
V  [jvm.dll+0x726fb5]
V  [jvm.dll+0x7285cd]
V  [jvm.dll+0x728c83]
V  [jvm.dll+0x243278]
V  [jvm.dll+0xbc53c]
V  [jvm.dll+0xbca3c]
V  [jvm.dll+0x353e7d]
V  [jvm.dll+0x321893]
V  [jvm.dll+0x320d8a]
V  [jvm.dll+0x1fc1e2]
V  [jvm.dll+0x1fb3d4]
V  [jvm.dll+0x183d6c]
V  [jvm.dll+0x209a57]
V  [jvm.dll+0x2082a1]
V  [jvm.dll+0x6ef58f]
V  [jvm.dll+0x6e80b5]
V  [jvm.dll+0x5f1036]
C  [ucrtbase.dll+0x21bb2]
C  [KERNEL32.DLL+0x17034]
C  [ntdll.dll+0x52651]


---------------  P R O C E S S  ---------------

Threads class SMR info:
_java_thread_list=0x000001c06b0cb5d0, length=168, elements={
0x000001c04c6ef000, 0x000001c067856000, 0x000001c06785a000, 0x000001c0678c8000,
0x000001c0678c9000, 0x000001c0678cb000, 0x000001c0678ce800, 0x000001c0678dc000,
0x000001c0678df800, 0x000001c067a42000, 0x000001c0693a0000, 0x000001c06aeeb800,
0x000001c06afcb800, 0x000001c068ecd000, 0x000001c06aba3800, 0x000001c06a8dc800,
0x000001c068a68000, 0x000001c06ae8e000, 0x000001c06ae8e800, 0x000001c06a8fb800,
0x000001c06a8f7800, 0x000001c06a8f8000, 0x000001c06a8fa800, 0x000001c06ab74800,
0x000001c06a8f9000, 0x000001c06a8f6800, 0x000001c06a8fa000, 0x000001c06a8f5800,
0x000001c06a8fc800, 0x000001c06b2e3000, 0x000001c06b2e4800, 0x000001c06b2e0800,
0x000001c06b2e5800, 0x000001c06b2e4000, 0x000001c06b2e6800, 0x000001c06b2e7000,
0x000001c06b2e1800, 0x000001c06b2e8000, 0x000001c06b2e2800, 0x000001c06b2ed800,
0x000001c06b2ee800, 0x000001c06a4fe000, 0x000001c06b2e9800, 0x000001c06b2e9000,
0x000001c06b2ed000, 0x000001c06e562000, 0x000001c06e562800, 0x000001c06e55d000,
0x000001c06e55e800, 0x000001c06e563800, 0x000001c06e561000, 0x000001c06e55e000,
0x000001c06e564800, 0x000001c06e565000, 0x000001c06e566000, 0x000001c06e560800,
0x000001c06e56a000, 0x000001c06e568800, 0x000001c06e56b800, 0x000001c06e567800,
0x000001c06e569800, 0x000001c06e56b000, 0x000001c06e567000, 0x000001c06d85f000,
0x000001c06d861800, 0x000001c06d862000, 0x000001c06d85f800, 0x000001c06d85c800,
0x000001c06d863000, 0x000001c06d860800, 0x000001c06d85d000, 0x000001c06d863800,
0x000001c06d85e000, 0x000001c06d869800, 0x000001c06d866000, 0x000001c06d86a000,
0x000001c06d867000, 0x000001c06d868000, 0x000001c06d864800, 0x000001c06d86b000,
0x000001c06d868800, 0x000001c06d865800, 0x000001c06e999000, 0x000001c06e99a800,
0x000001c06e99d000, 0x000001c06e99d800, 0x000001c06e998000, 0x000001c06e99e800,
0x000001c06e99f800, 0x000001c06e999800, 0x000001c06e99c000, 0x000001c06e9a0000,
0x000001c06e9a1000, 0x000001c06e99b800, 0x000001c06e9a3800, 0x000001c06e9a5000,
0x000001c06e9a6800, 0x000001c06e9a6000, 0x000001c06e9a2000, 0x000001c06e9a2800,
0x000001c06e9a4800, 0x000001c06e68c800, 0x000001c06e690800, 0x000001c06e68f800,
0x000001c06e68d000, 0x000001c06e691800, 0x000001c06e68b800, 0x000001c06e692000,
0x000001c06e68e000, 0x000001c06e693000, 0x000001c06e694000, 0x000001c06e694800,
0x000001c06e68f000, 0x000001c06e698800, 0x000001c06e699800, 0x000001c06e697000,
0x000001c06e698000, 0x000001c06e69a800, 0x000001c06e695800, 0x000001c06e696000,
0x000001c06eb39000, 0x000001c06eb39800, 0x000001c06eb3d000, 0x000001c06eb37000,
0x000001c06eb3d800, 0x000001c06eb3a800, 0x000001c06eb3b800, 0x000001c06eb3c000,
0x000001c06eb38000, 0x000001c06eb3f800, 0x000001c06eb43800, 0x000001c06eb3e800,
0x000001c06eb41000, 0x000001c06eb45000, 0x000001c06eb46000, 0x000001c06eb42000,
0x000001c06eb44000, 0x000001c06eb40000, 0x000001c06eb42800, 0x000001c06ee40800,
0x000001c06ee3e000, 0x000001c06ee3b000, 0x000001c06ee3f000, 0x000001c06ee41800,
0x000001c06ee3b800, 0x000001c06ee42000, 0x000001c06ee3c800, 0x000001c06ee43000,
0x000001c06ee3d800, 0x000001c06ee44800, 0x000001c06ee45800, 0x000001c06ee3f800,
0x000001c06ee44000, 0x000001c06ee46800, 0x000001c06ee48800, 0x000001c06ee47000,
0x000001c06ee49800, 0x000001c06ee48000, 0x000001c06e781800, 0x000001c06e77d800,
0x000001c06e784000, 0x000001c06e77e000, 0x000001c06e77f000, 0x000001c06e784800,
0x000001c06e785800, 0x000001c06e780000, 0x000001c06e782000, 0x000001c06e783000
}

Java Threads: ( => current thread )
  0x000001c04c6ef000 JavaThread "main" [_thread_blocked, id=15028, stack(0x00000008a1500000,0x00000008a1600000)]
  0x000001c067856000 JavaThread "Reference Handler" daemon [_thread_blocked, id=18724, stack(0x00000008a1c00000,0x00000008a1d00000)]
  0x000001c06785a000 JavaThread "Finalizer" daemon [_thread_blocked, id=12060, stack(0x00000008a1d00000,0x00000008a1e00000)]
  0x000001c0678c8000 JavaThread "Signal Dispatcher" daemon [_thread_blocked, id=12948, stack(0x00000008a1e00000,0x00000008a1f00000)]
  0x000001c0678c9000 JavaThread "Attach Listener" daemon [_thread_blocked, id=16888, stack(0x00000008a1f00000,0x00000008a2000000)]
  0x000001c0678cb000 JavaThread "Service Thread" daemon [_thread_blocked, id=12072, stack(0x00000008a2000000,0x00000008a2100000)]
=>0x000001c0678ce800 JavaThread "C2 CompilerThread0" daemon [_thread_in_native, id=6500, stack(0x00000008a2100000,0x00000008a2200000)]
  0x000001c0678dc000 JavaThread "C1 CompilerThread0" daemon [_thread_blocked, id=3976, stack(0x00000008a2200000,0x00000008a2300000)]
  0x000001c0678df800 JavaThread "Sweeper thread" daemon [_thread_blocked, id=1436, stack(0x00000008a2300000,0x00000008a2400000)]
  0x000001c067a42000 JavaThread "Common-Cleaner" daemon [_thread_blocked, id=9808, stack(0x00000008a2400000,0x00000008a2500000)]
  0x000001c0693a0000 JavaThread "Daemon health stats" [_thread_blocked, id=15636, stack(0x00000008a2700000,0x00000008a2800000)]
  0x000001c06aeeb800 JavaThread "Incoming local TCP Connector on port 50295" [_thread_in_native, id=13208, stack(0x00000008a2600000,0x00000008a2700000)]
  0x000001c06afcb800 JavaThread "Daemon periodic checks" [_thread_blocked, id=14488, stack(0x00000008a2d00000,0x00000008a2e00000)]
  0x000001c068ecd000 JavaThread "Daemon" [_thread_blocked, id=13884, stack(0x00000008a2e00000,0x00000008a2f00000)]
  0x000001c06aba3800 JavaThread "Handler for socket connection from /127.0.0.1:50295 to /127.0.0.1:50296" [_thread_in_native, id=17900, stack(0x00000008a2f00000,0x00000008a3000000)]
  0x000001c06a8dc800 JavaThread "Cancel handler" [_thread_blocked, id=11768, stack(0x00000008a3000000,0x00000008a3100000)]
  0x000001c068a68000 JavaThread "Daemon worker" [_thread_in_vm, id=9452, stack(0x00000008a3100000,0x00000008a3200000)]
  0x000001c06ae8e000 JavaThread "Asynchronous log dispatcher for DefaultDaemonConnection: socket connection from /127.0.0.1:50295 to /127.0.0.1:50296" [_thread_blocked, id=12996, stack(0x00000008a3200000,0x00000008a3300000)]
  0x000001c06ae8e800 JavaThread "Stdin handler" [_thread_blocked, id=17120, stack(0x00000008a3300000,0x00000008a3400000)]
  0x000001c06a8fb800 JavaThread "Daemon client event forwarder" [_thread_blocked, id=17668, stack(0x00000008a3400000,0x00000008a3500000)]
  0x000001c06a8f7800 JavaThread "Cache worker for journal cache (C:\Users\Lenovo\.gradle\caches\journal-1)" [_thread_blocked, id=14932, stack(0x00000008a3500000,0x00000008a3600000)]
  0x000001c06a8f8000 JavaThread "File lock request listener" [_thread_in_native, id=5364, stack(0x00000008a3600000,0x00000008a3700000)]
  0x000001c06a8fa800 JavaThread "Cache worker for file hash cache (C:\Users\Lenovo\.gradle\caches\7.2\fileHashes)" [_thread_blocked, id=9304, stack(0x00000008a3e00000,0x00000008a3f00000)]
  0x000001c06ab74800 JavaThread "C2 CompilerThread1" daemon [_thread_in_native, id=12656, stack(0x00000008a3f00000,0x00000008a4000000)]
  0x000001c06a8f9000 JavaThread "Cache worker for file hash cache (T:\New folder\Android_Nhom1_MessageMobileApp\.gradle\7.2\fileHashes)" [_thread_blocked, id=12888, stack(0x00000008a4000000,0x00000008a4100000)]
  0x000001c06a8f6800 JavaThread "File watcher server" daemon [_thread_in_native, id=9512, stack(0x00000008a4100000,0x00000008a4200000)]
  0x000001c06a8fa000 JavaThread "File watcher consumer" daemon [_thread_blocked, id=9680, stack(0x00000008a4200000,0x00000008a4300000)]
  0x000001c06a8f5800 JavaThread "jar transforms" [_thread_blocked, id=13992, stack(0x00000008a4300000,0x00000008a4400000)]
  0x000001c06a8fc800 JavaThread "jar transforms Thread 2" [_thread_blocked, id=7792, stack(0x00000008a4400000,0x00000008a4500000)]
  0x000001c06b2e3000 JavaThread "jar transforms Thread 3" [_thread_blocked, id=7360, stack(0x00000008a4500000,0x00000008a4600000)]
  0x000001c06b2e4800 JavaThread "jar transforms Thread 4" [_thread_blocked, id=14244, stack(0x00000008a4600000,0x00000008a4700000)]
  0x000001c06b2e0800 JavaThread "jar transforms Thread 5" [_thread_blocked, id=15952, stack(0x00000008a4700000,0x00000008a4800000)]
  0x000001c06b2e5800 JavaThread "jar transforms Thread 6" [_thread_blocked, id=17036, stack(0x00000008a4800000,0x00000008a4900000)]
  0x000001c06b2e4000 JavaThread "jar transforms Thread 7" [_thread_blocked, id=17180, stack(0x00000008a4900000,0x00000008a4a00000)]
  0x000001c06b2e6800 JavaThread "jar transforms Thread 8" [_thread_blocked, id=17096, stack(0x00000008a4a00000,0x00000008a4b00000)]
  0x000001c06b2e7000 JavaThread "jar transforms Thread 9" [_thread_blocked, id=18424, stack(0x00000008a4b00000,0x00000008a4c00000)]
  0x000001c06b2e1800 JavaThread "jar transforms Thread 10" [_thread_blocked, id=12280, stack(0x00000008a4c00000,0x00000008a4d00000)]
  0x000001c06b2e8000 JavaThread "jar transforms Thread 11" [_thread_blocked, id=1144, stack(0x00000008a4d00000,0x00000008a4e00000)]
  0x000001c06b2e2800 JavaThread "jar transforms Thread 12" [_thread_blocked, id=18420, stack(0x00000008a4e00000,0x00000008a4f00000)]
  0x000001c06b2ed800 JavaThread "Cache worker for checksums cache (T:\New folder\Android_Nhom1_MessageMobileApp\.gradle\checksums)" [_thread_blocked, id=12108, stack(0x00000008a4f00000,0x00000008a5000000)]
  0x000001c06b2ee800 JavaThread "Cache worker for cache directory md-supplier (C:\Users\Lenovo\.gradle\caches\7.2\md-supplier)" [_thread_blocked, id=7328, stack(0x00000008a5000000,0x00000008a5100000)]
  0x000001c06a4fe000 JavaThread "C2 CompilerThread2" daemon [_thread_in_native, id=13812, stack(0x00000008a5100000,0x00000008a5200000)]
  0x000001c06b2e9800 JavaThread "Cache worker for cache directory md-rule (C:\Users\Lenovo\.gradle\caches\7.2\md-rule)" [_thread_blocked, id=16344, stack(0x00000008a5200000,0x00000008a5300000)]
  0x000001c06b2e9000 JavaThread "Cache worker for execution history cache (C:\Users\Lenovo\.gradle\caches\7.2\executionHistory)" [_thread_blocked, id=18956, stack(0x00000008a5300000,0x00000008a5400000)]
  0x000001c06b2ed000 JavaThread "Cache worker for file content cache (C:\Users\Lenovo\.gradle\caches\7.2\fileContent)" [_thread_blocked, id=13064, stack(0x00000008a5400000,0x00000008a5500000)]
  0x000001c06e562000 JavaThread "Cache worker for dependencies-accessors (T:\New folder\Android_Nhom1_MessageMobileApp\.gradle\7.2\dependencies-accessors)" [_thread_blocked, id=15312, stack(0x00000008a5600000,0x00000008a5700000)]
  0x000001c06e562800 JavaThread "Cache worker for Build Output Cleanup Cache (T:\New folder\Android_Nhom1_MessageMobileApp\.gradle\buildOutputCleanup)" [_thread_blocked, id=15488, stack(0x00000008a5700000,0x00000008a5800000)]
  0x000001c06e55d000 JavaThread "Unconstrained build operations" [_thread_blocked, id=15764, stack(0x00000008a5800000,0x00000008a5900000)]
  0x000001c06e55e800 JavaThread "Unconstrained build operations Thread 2" [_thread_blocked, id=17420, stack(0x00000008a5900000,0x00000008a5a00000)]
  0x000001c06e563800 JavaThread "Unconstrained build operations Thread 3" [_thread_blocked, id=18888, stack(0x00000008a5a00000,0x00000008a5b00000)]
  0x000001c06e561000 JavaThread "Unconstrained build operations Thread 4" [_thread_blocked, id=13852, stack(0x00000008a5b00000,0x00000008a5c00000)]
  0x000001c06e55e000 JavaThread "Unconstrained build operations Thread 5" [_thread_blocked, id=16572, stack(0x00000008a5c00000,0x00000008a5d00000)]
  0x000001c06e564800 JavaThread "Unconstrained build operations Thread 6" [_thread_blocked, id=19076, stack(0x00000008a5d00000,0x00000008a5e00000)]
  0x000001c06e565000 JavaThread "Unconstrained build operations Thread 7" [_thread_blocked, id=15004, stack(0x00000008a5e00000,0x00000008a5f00000)]
  0x000001c06e566000 JavaThread "Unconstrained build operations Thread 8" [_thread_blocked, id=8764, stack(0x00000008a5f00000,0x00000008a6000000)]
  0x000001c06e560800 JavaThread "Unconstrained build operations Thread 9" [_thread_blocked, id=10812, stack(0x00000008a6000000,0x00000008a6100000)]
  0x000001c06e56a000 JavaThread "Unconstrained build operations Thread 10" [_thread_blocked, id=11924, stack(0x00000008a6100000,0x00000008a6200000)]
  0x000001c06e568800 JavaThread "Unconstrained build operations Thread 11" [_thread_blocked, id=12344, stack(0x00000008a6200000,0x00000008a6300000)]
  0x000001c06e56b800 JavaThread "Unconstrained build operations Thread 12" [_thread_blocked, id=5456, stack(0x00000008a6300000,0x00000008a6400000)]
  0x000001c06e567800 JavaThread "Unconstrained build operations Thread 13" [_thread_blocked, id=15268, stack(0x00000008a6400000,0x00000008a6500000)]
  0x000001c06e569800 JavaThread "Unconstrained build operations Thread 14" [_thread_blocked, id=14564, stack(0x00000008a6500000,0x00000008a6600000)]
  0x000001c06e56b000 JavaThread "Unconstrained build operations Thread 15" [_thread_blocked, id=11072, stack(0x00000008a6600000,0x00000008a6700000)]
  0x000001c06e567000 JavaThread "Unconstrained build operations Thread 16" [_thread_blocked, id=19280, stack(0x00000008a6700000,0x00000008a6800000)]
  0x000001c06d85f000 JavaThread "Unconstrained build operations Thread 17" [_thread_blocked, id=7904, stack(0x00000008a6800000,0x00000008a6900000)]
  0x000001c06d861800 JavaThread "Unconstrained build operations Thread 18" [_thread_blocked, id=14216, stack(0x00000008a6900000,0x00000008a6a00000)]
  0x000001c06d862000 JavaThread "Unconstrained build operations Thread 19" [_thread_blocked, id=9204, stack(0x00000008a6a00000,0x00000008a6b00000)]
  0x000001c06d85f800 JavaThread "Unconstrained build operations Thread 20" [_thread_blocked, id=13748, stack(0x00000008a6b00000,0x00000008a6c00000)]
  0x000001c06d85c800 JavaThread "Unconstrained build operations Thread 21" [_thread_blocked, id=10272, stack(0x00000008a6c00000,0x00000008a6d00000)]
  0x000001c06d863000 JavaThread "Unconstrained build operations Thread 22" [_thread_blocked, id=11376, stack(0x00000008a6d00000,0x00000008a6e00000)]
  0x000001c06d860800 JavaThread "Unconstrained build operations Thread 23" [_thread_blocked, id=9472, stack(0x00000008a6e00000,0x00000008a6f00000)]
  0x000001c06d85d000 JavaThread "Unconstrained build operations Thread 24" [_thread_blocked, id=14124, stack(0x00000008a6f00000,0x00000008a7000000)]
  0x000001c06d863800 JavaThread "Unconstrained build operations Thread 25" [_thread_blocked, id=18596, stack(0x00000008a7000000,0x00000008a7100000)]
  0x000001c06d85e000 JavaThread "Unconstrained build operations Thread 26" [_thread_blocked, id=13028, stack(0x00000008a7100000,0x00000008a7200000)]
  0x000001c06d869800 JavaThread "Unconstrained build operations Thread 27" [_thread_blocked, id=18604, stack(0x00000008a7200000,0x00000008a7300000)]
  0x000001c06d866000 JavaThread "Unconstrained build operations Thread 28" [_thread_blocked, id=12016, stack(0x00000008a7300000,0x00000008a7400000)]
  0x000001c06d86a000 JavaThread "Unconstrained build operations Thread 29" [_thread_blocked, id=4460, stack(0x00000008a7400000,0x00000008a7500000)]
  0x000001c06d867000 JavaThread "Unconstrained build operations Thread 30" [_thread_blocked, id=17304, stack(0x00000008a7500000,0x00000008a7600000)]
  0x000001c06d868000 JavaThread "Unconstrained build operations Thread 31" [_thread_blocked, id=8812, stack(0x00000008a7600000,0x00000008a7700000)]
  0x000001c06d864800 JavaThread "Unconstrained build operations Thread 32" [_thread_blocked, id=12788, stack(0x00000008a7700000,0x00000008a7800000)]
  0x000001c06d86b000 JavaThread "Unconstrained build operations Thread 33" [_thread_blocked, id=5240, stack(0x00000008a7800000,0x00000008a7900000)]
  0x000001c06d868800 JavaThread "Unconstrained build operations Thread 34" [_thread_blocked, id=4692, stack(0x00000008a7900000,0x00000008a7a00000)]
  0x000001c06d865800 JavaThread "Unconstrained build operations Thread 35" [_thread_blocked, id=8308, stack(0x00000008a7a00000,0x00000008a7b00000)]
  0x000001c06e999000 JavaThread "Unconstrained build operations Thread 36" [_thread_blocked, id=18152, stack(0x00000008a7b00000,0x00000008a7c00000)]
  0x000001c06e99a800 JavaThread "Unconstrained build operations Thread 37" [_thread_blocked, id=9768, stack(0x00000008a7c00000,0x00000008a7d00000)]
  0x000001c06e99d000 JavaThread "Unconstrained build operations Thread 38" [_thread_blocked, id=17636, stack(0x00000008a7d00000,0x00000008a7e00000)]
  0x000001c06e99d800 JavaThread "Unconstrained build operations Thread 39" [_thread_blocked, id=14492, stack(0x00000008a7e00000,0x00000008a7f00000)]
  0x000001c06e998000 JavaThread "Unconstrained build operations Thread 40" [_thread_blocked, id=8732, stack(0x00000008a7f00000,0x00000008a8000000)]
  0x000001c06e99e800 JavaThread "Unconstrained build operations Thread 41" [_thread_blocked, id=18904, stack(0x00000008a8000000,0x00000008a8100000)]
  0x000001c06e99f800 JavaThread "Unconstrained build operations Thread 42" [_thread_blocked, id=12760, stack(0x00000008a8100000,0x00000008a8200000)]
  0x000001c06e999800 JavaThread "Unconstrained build operations Thread 43" [_thread_blocked, id=12152, stack(0x00000008a8200000,0x00000008a8300000)]
  0x000001c06e99c000 JavaThread "Unconstrained build operations Thread 44" [_thread_blocked, id=7436, stack(0x00000008a8300000,0x00000008a8400000)]
  0x000001c06e9a0000 JavaThread "Unconstrained build operations Thread 45" [_thread_blocked, id=15256, stack(0x00000008a8400000,0x00000008a8500000)]
  0x000001c06e9a1000 JavaThread "Unconstrained build operations Thread 46" [_thread_blocked, id=3492, stack(0x00000008a8500000,0x00000008a8600000)]
  0x000001c06e99b800 JavaThread "Unconstrained build operations Thread 47" [_thread_blocked, id=5008, stack(0x00000008a8600000,0x00000008a8700000)]
  0x000001c06e9a3800 JavaThread "Unconstrained build operations Thread 48" [_thread_blocked, id=12712, stack(0x00000008a8700000,0x00000008a8800000)]
  0x000001c06e9a5000 JavaThread "Unconstrained build operations Thread 49" [_thread_blocked, id=5192, stack(0x00000008a8800000,0x00000008a8900000)]
  0x000001c06e9a6800 JavaThread "Unconstrained build operations Thread 50" [_thread_blocked, id=16700, stack(0x00000008a8900000,0x00000008a8a00000)]
  0x000001c06e9a6000 JavaThread "Unconstrained build operations Thread 51" [_thread_blocked, id=14556, stack(0x00000008a8a00000,0x00000008a8b00000)]
  0x000001c06e9a2000 JavaThread "Unconstrained build operations Thread 52" [_thread_blocked, id=10044, stack(0x00000008a8b00000,0x00000008a8c00000)]
  0x000001c06e9a2800 JavaThread "Unconstrained build operations Thread 53" [_thread_blocked, id=13896, stack(0x00000008a8c00000,0x00000008a8d00000)]
  0x000001c06e9a4800 JavaThread "Unconstrained build operations Thread 54" [_thread_blocked, id=17100, stack(0x00000008a8d00000,0x00000008a8e00000)]
  0x000001c06e68c800 JavaThread "Unconstrained build operations Thread 55" [_thread_blocked, id=9180, stack(0x00000008a8e00000,0x00000008a8f00000)]
  0x000001c06e690800 JavaThread "Unconstrained build operations Thread 56" [_thread_blocked, id=17448, stack(0x00000008a8f00000,0x00000008a9000000)]
  0x000001c06e68f800 JavaThread "Unconstrained build operations Thread 57" [_thread_blocked, id=9380, stack(0x00000008a9000000,0x00000008a9100000)]
  0x000001c06e68d000 JavaThread "Unconstrained build operations Thread 58" [_thread_blocked, id=524, stack(0x00000008a9100000,0x00000008a9200000)]
  0x000001c06e691800 JavaThread "Unconstrained build operations Thread 59" [_thread_blocked, id=4640, stack(0x00000008a9200000,0x00000008a9300000)]
  0x000001c06e68b800 JavaThread "Unconstrained build operations Thread 60" [_thread_blocked, id=17416, stack(0x00000008a9300000,0x00000008a9400000)]
  0x000001c06e692000 JavaThread "Unconstrained build operations Thread 61" [_thread_blocked, id=10656, stack(0x00000008a9400000,0x00000008a9500000)]
  0x000001c06e68e000 JavaThread "Unconstrained build operations Thread 62" [_thread_blocked, id=3600, stack(0x00000008a9500000,0x00000008a9600000)]
  0x000001c06e693000 JavaThread "Unconstrained build operations Thread 63" [_thread_blocked, id=8472, stack(0x00000008a9600000,0x00000008a9700000)]
  0x000001c06e694000 JavaThread "Unconstrained build operations Thread 64" [_thread_blocked, id=17628, stack(0x00000008a9700000,0x00000008a9800000)]
  0x000001c06e694800 JavaThread "Unconstrained build operations Thread 65" [_thread_blocked, id=14596, stack(0x00000008a9800000,0x00000008a9900000)]
  0x000001c06e68f000 JavaThread "Unconstrained build operations Thread 66" [_thread_blocked, id=9152, stack(0x00000008a9900000,0x00000008a9a00000)]
  0x000001c06e698800 JavaThread "Unconstrained build operations Thread 67" [_thread_blocked, id=17696, stack(0x00000008a9a00000,0x00000008a9b00000)]
  0x000001c06e699800 JavaThread "Unconstrained build operations Thread 68" [_thread_blocked, id=5632, stack(0x00000008a9b00000,0x00000008a9c00000)]
  0x000001c06e697000 JavaThread "Unconstrained build operations Thread 69" [_thread_blocked, id=19056, stack(0x00000008a9c00000,0x00000008a9d00000)]
  0x000001c06e698000 JavaThread "Unconstrained build operations Thread 70" [_thread_blocked, id=11424, stack(0x00000008a9d00000,0x00000008a9e00000)]
  0x000001c06e69a800 JavaThread "Unconstrained build operations Thread 71" [_thread_blocked, id=17580, stack(0x00000008a9e00000,0x00000008a9f00000)]
  0x000001c06e695800 JavaThread "Unconstrained build operations Thread 72" [_thread_blocked, id=11036, stack(0x00000008a9f00000,0x00000008aa000000)]
  0x000001c06e696000 JavaThread "Unconstrained build operations Thread 73" [_thread_blocked, id=9924, stack(0x00000008aa000000,0x00000008aa100000)]
  0x000001c06eb39000 JavaThread "Unconstrained build operations Thread 74" [_thread_blocked, id=17108, stack(0x00000008aa100000,0x00000008aa200000)]
  0x000001c06eb39800 JavaThread "Unconstrained build operations Thread 75" [_thread_blocked, id=15536, stack(0x00000008aa200000,0x00000008aa300000)]
  0x000001c06eb3d000 JavaThread "Unconstrained build operations Thread 76" [_thread_blocked, id=2052, stack(0x00000008aa300000,0x00000008aa400000)]
  0x000001c06eb37000 JavaThread "Unconstrained build operations Thread 77" [_thread_blocked, id=13964, stack(0x00000008aa400000,0x00000008aa500000)]
  0x000001c06eb3d800 JavaThread "Unconstrained build operations Thread 78" [_thread_blocked, id=19108, stack(0x00000008aa500000,0x00000008aa600000)]
  0x000001c06eb3a800 JavaThread "Unconstrained build operations Thread 79" [_thread_blocked, id=18272, stack(0x00000008aa600000,0x00000008aa700000)]
  0x000001c06eb3b800 JavaThread "Unconstrained build operations Thread 80" [_thread_blocked, id=12020, stack(0x00000008aa700000,0x00000008aa800000)]
  0x000001c06eb3c000 JavaThread "Unconstrained build operations Thread 81" [_thread_blocked, id=9252, stack(0x00000008aa800000,0x00000008aa900000)]
  0x000001c06eb38000 JavaThread "Unconstrained build operations Thread 82" [_thread_blocked, id=9184, stack(0x00000008aa900000,0x00000008aaa00000)]
  0x000001c06eb3f800 JavaThread "Unconstrained build operations Thread 83" [_thread_blocked, id=7964, stack(0x00000008aaa00000,0x00000008aab00000)]
  0x000001c06eb43800 JavaThread "Unconstrained build operations Thread 84" [_thread_blocked, id=9400, stack(0x00000008aab00000,0x00000008aac00000)]
  0x000001c06eb3e800 JavaThread "Unconstrained build operations Thread 85" [_thread_blocked, id=17336, stack(0x00000008aac00000,0x00000008aad00000)]
  0x000001c06eb41000 JavaThread "Unconstrained build operations Thread 86" [_thread_blocked, id=11280, stack(0x00000008aad00000,0x00000008aae00000)]
  0x000001c06eb45000 JavaThread "Unconstrained build operations Thread 87" [_thread_blocked, id=9108, stack(0x00000008aae00000,0x00000008aaf00000)]
  0x000001c06eb46000 JavaThread "Unconstrained build operations Thread 88" [_thread_blocked, id=3232, stack(0x00000008aaf00000,0x00000008ab000000)]
  0x000001c06eb42000 JavaThread "Unconstrained build operations Thread 89" [_thread_blocked, id=13908, stack(0x00000008ab000000,0x00000008ab100000)]
  0x000001c06eb44000 JavaThread "Unconstrained build operations Thread 90" [_thread_blocked, id=15472, stack(0x00000008ab100000,0x00000008ab200000)]
  0x000001c06eb40000 JavaThread "Unconstrained build operations Thread 91" [_thread_blocked, id=4840, stack(0x00000008ab200000,0x00000008ab300000)]
  0x000001c06eb42800 JavaThread "Unconstrained build operations Thread 92" [_thread_blocked, id=3472, stack(0x00000008ab300000,0x00000008ab400000)]
  0x000001c06ee40800 JavaThread "Unconstrained build operations Thread 93" [_thread_blocked, id=16056, stack(0x00000008ab400000,0x00000008ab500000)]
  0x000001c06ee3e000 JavaThread "Unconstrained build operations Thread 94" [_thread_blocked, id=15024, stack(0x00000008ab500000,0x00000008ab600000)]
  0x000001c06ee3b000 JavaThread "Unconstrained build operations Thread 95" [_thread_blocked, id=3972, stack(0x00000008ab600000,0x00000008ab700000)]
  0x000001c06ee3f000 JavaThread "Unconstrained build operations Thread 96" [_thread_blocked, id=13608, stack(0x00000008ab700000,0x00000008ab800000)]
  0x000001c06ee41800 JavaThread "Unconstrained build operations Thread 97" [_thread_blocked, id=3776, stack(0x00000008ab800000,0x00000008ab900000)]
  0x000001c06ee3b800 JavaThread "Unconstrained build operations Thread 98" [_thread_blocked, id=15992, stack(0x00000008ab900000,0x00000008aba00000)]
  0x000001c06ee42000 JavaThread "Unconstrained build operations Thread 99" [_thread_blocked, id=15264, stack(0x00000008aba00000,0x00000008abb00000)]
  0x000001c06ee3c800 JavaThread "Unconstrained build operations Thread 100" [_thread_blocked, id=5396, stack(0x00000008abb00000,0x00000008abc00000)]
  0x000001c06ee43000 JavaThread "Unconstrained build operations Thread 101" [_thread_blocked, id=9528, stack(0x00000008abc00000,0x00000008abd00000)]
  0x000001c06ee3d800 JavaThread "Unconstrained build operations Thread 102" [_thread_blocked, id=15080, stack(0x00000008abd00000,0x00000008abe00000)]
  0x000001c06ee44800 JavaThread "Unconstrained build operations Thread 103" [_thread_blocked, id=5300, stack(0x00000008abe00000,0x00000008abf00000)]
  0x000001c06ee45800 JavaThread "Unconstrained build operations Thread 104" [_thread_blocked, id=928, stack(0x00000008abf00000,0x00000008ac000000)]
  0x000001c06ee3f800 JavaThread "Unconstrained build operations Thread 105" [_thread_blocked, id=8464, stack(0x00000008ac000000,0x00000008ac100000)]
  0x000001c06ee44000 JavaThread "Unconstrained build operations Thread 106" [_thread_blocked, id=14444, stack(0x00000008ac100000,0x00000008ac200000)]
  0x000001c06ee46800 JavaThread "Unconstrained build operations Thread 107" [_thread_blocked, id=12204, stack(0x00000008ac200000,0x00000008ac300000)]
  0x000001c06ee48800 JavaThread "Unconstrained build operations Thread 108" [_thread_blocked, id=9932, stack(0x00000008ac300000,0x00000008ac400000)]
  0x000001c06ee47000 JavaThread "Unconstrained build operations Thread 109" [_thread_blocked, id=18452, stack(0x00000008ac400000,0x00000008ac500000)]
  0x000001c06ee49800 JavaThread "Unconstrained build operations Thread 110" [_thread_blocked, id=15916, stack(0x00000008ac500000,0x00000008ac600000)]
  0x000001c06ee48000 JavaThread "Unconstrained build operations Thread 111" [_thread_blocked, id=2864, stack(0x00000008ac600000,0x00000008ac700000)]
  0x000001c06e781800 JavaThread "Unconstrained build operations Thread 112" [_thread_blocked, id=17588, stack(0x00000008ac700000,0x00000008ac800000)]
  0x000001c06e77d800 JavaThread "Unconstrained build operations Thread 113" [_thread_blocked, id=11460, stack(0x00000008ac800000,0x00000008ac900000)]
  0x000001c06e784000 JavaThread "Unconstrained build operations Thread 114" [_thread_blocked, id=9088, stack(0x00000008ac900000,0x00000008aca00000)]
  0x000001c06e77e000 JavaThread "Unconstrained build operations Thread 115" [_thread_blocked, id=4036, stack(0x00000008aca00000,0x00000008acb00000)]
  0x000001c06e77f000 JavaThread "Unconstrained build operations Thread 116" [_thread_blocked, id=6848, stack(0x00000008acb00000,0x00000008acc00000)]
  0x000001c06e784800 JavaThread "Unconstrained build operations Thread 117" [_thread_blocked, id=1816, stack(0x00000008acc00000,0x00000008acd00000)]
  0x000001c06e785800 JavaThread "Unconstrained build operations Thread 118" [_thread_blocked, id=18352, stack(0x00000008acd00000,0x00000008ace00000)]
  0x000001c06e780000 JavaThread "Unconstrained build operations Thread 119" [_thread_blocked, id=8688, stack(0x00000008ace00000,0x00000008acf00000)]
  0x000001c06e782000 JavaThread "Unconstrained build operations Thread 120" [_thread_blocked, id=7860, stack(0x00000008acf00000,0x00000008ad000000)]
  0x000001c06e783000 JavaThread "Memory manager" [_thread_blocked, id=3704, stack(0x00000008ad000000,0x00000008ad100000)]

Other Threads:
  0x000001c067853000 VMThread "VM Thread" [stack: 0x00000008a1b00000,0x00000008a1c00000] [id=1388]
  0x000001c067a62000 WatcherThread [stack: 0x00000008a2500000,0x00000008a2600000] [id=2640]
  0x000001c04c705800 GCTaskThread "GC Thread#0" [stack: 0x00000008a1600000,0x00000008a1700000] [id=7260]
  0x000001c0685ae000 GCTaskThread "GC Thread#1" [stack: 0x00000008a2800000,0x00000008a2900000] [id=10164]
  0x000001c068cb8800 GCTaskThread "GC Thread#2" [stack: 0x00000008a2900000,0x00000008a2a00000] [id=7848]
  0x000001c068752000 GCTaskThread "GC Thread#3" [stack: 0x00000008a2a00000,0x00000008a2b00000] [id=17076]
  0x000001c068de9800 GCTaskThread "GC Thread#4" [stack: 0x00000008a2b00000,0x00000008a2c00000] [id=15248]
  0x000001c06894e800 GCTaskThread "GC Thread#5" [stack: 0x00000008a2c00000,0x00000008a2d00000] [id=12784]
  0x000001c068a69000 GCTaskThread "GC Thread#6" [stack: 0x00000008a3700000,0x00000008a3800000] [id=1836]
  0x000001c06a8c6800 GCTaskThread "GC Thread#7" [stack: 0x00000008a3800000,0x00000008a3900000] [id=14700]
  0x000001c069305800 GCTaskThread "GC Thread#8" [stack: 0x00000008a3900000,0x00000008a3a00000] [id=14628]
  0x000001c06b1f4000 GCTaskThread "GC Thread#9" [stack: 0x00000008a3a00000,0x00000008a3b00000] [id=12904]
  0x000001c04c739000 ConcurrentGCThread "G1 Main Marker" [stack: 0x00000008a1700000,0x00000008a1800000] [id=2796]
  0x000001c04c73a000 ConcurrentGCThread "G1 Conc#0" [stack: 0x00000008a1800000,0x00000008a1900000] [id=13092]
  0x000001c069376000 ConcurrentGCThread "G1 Conc#1" [stack: 0x00000008a3b00000,0x00000008a3c00000] [id=19384]
  0x000001c06aec9800 ConcurrentGCThread "G1 Conc#2" [stack: 0x00000008a3d00000,0x00000008a3e00000] [id=16160]
  0x000001c066ea2800 ConcurrentGCThread "G1 Refine#0" [stack: 0x00000008a1900000,0x00000008a1a00000] [id=11012]
  0x000001c0691f9800 ConcurrentGCThread "G1 Refine#1" [stack: 0x00000008a3c00000,0x00000008a3d00000] [id=15296]
  0x000001c06d89a800 ConcurrentGCThread "G1 Refine#2" [stack: 0x00000008a5500000,0x00000008a5600000] [id=13500]
  0x000001c066ea3000 ConcurrentGCThread "G1 Young RemSet Sampling" [stack: 0x00000008a1a00000,0x00000008a1b00000] [id=15272]

Threads with active compile tasks:
C2 CompilerThread0   5491 6112       4       java.util.TreeMap::put (247 bytes)
C2 CompilerThread1   5491 6138       4       java.util.jar.Manifest$FastInputStream::readLine (296 bytes)
C2 CompilerThread2   5491 5953   !   4       com.google.common.reflect.TypeVisitor::visit (244 bytes)

VM state:not at safepoint (normal execution)

VM Mutex/Monitor currently owned by a thread: None

Heap address: 0x0000000080000000, size: 2048 MB, Compressed Oops mode: 32-bit
Narrow klass base: 0x0000000000000000, Narrow klass shift: 3
Compressed class space size: 1073741824 Address: 0x0000000100000000

Heap:
 garbage-first heap   total 262144K, used 145238K [0x0000000080000000, 0x0000000100000000)
  region size 1024K, 94 young (96256K), 19 survivors (19456K)
 Metaspace       used 60886K, capacity 62704K, committed 62792K, reserved 1103872K
  class space    used 7779K, capacity 8417K, committed 8448K, reserved 1048576K
Heap Regions: E=young(eden), S=young(survivor), O=old, HS=humongous(starts), HC=humongous(continues), CS=collection set, F=free, A=archive, TAMS=top-at-mark-start (previous, next)
|   0|0x0000000080000000, 0x0000000080100000, 0x0000000080100000|100%| O|  |TAMS 0x0000000080100000, 0x0000000080000000| Untracked 
|   1|0x0000000080100000, 0x0000000080200000, 0x0000000080200000|100%| O|  |TAMS 0x0000000080200000, 0x0000000080100000| Untracked 
|   2|0x0000000080200000, 0x0000000080300000, 0x0000000080300000|100%| O|  |TAMS 0x0000000080300000, 0x0000000080200000| Untracked 
|   3|0x0000000080300000, 0x0000000080400000, 0x0000000080400000|100%|HS|  |TAMS 0x0000000080400000, 0x0000000080300000| Complete 
|   4|0x0000000080400000, 0x0000000080500000, 0x0000000080500000|100%|HC|  |TAMS 0x0000000080500000, 0x0000000080400000| Complete 
|   5|0x0000000080500000, 0x0000000080600000, 0x0000000080600000|100%|HC|  |TAMS 0x0000000080600000, 0x0000000080500000| Complete 
|   6|0x0000000080600000, 0x0000000080700000, 0x0000000080700000|100%| O|  |TAMS 0x0000000080700000, 0x0000000080600000| Untracked 
|   7|0x0000000080700000, 0x0000000080800000, 0x0000000080800000|100%| O|  |TAMS 0x0000000080800000, 0x0000000080700000| Untracked 
|   8|0x0000000080800000, 0x0000000080900000, 0x0000000080900000|100%| O|  |TAMS 0x0000000080900000, 0x0000000080800000| Untracked 
|   9|0x0000000080900000, 0x0000000080a00000, 0x0000000080a00000|100%| O|  |TAMS 0x0000000080a00000, 0x0000000080900000| Untracked 
|  10|0x0000000080a00000, 0x0000000080b00000, 0x0000000080b00000|100%| O|  |TAMS 0x0000000080b00000, 0x0000000080a00000| Untracked 
|  11|0x0000000080b00000, 0x0000000080c00000, 0x0000000080c00000|100%| O|  |TAMS 0x0000000080c00000, 0x0000000080b00000| Untracked 
|  12|0x0000000080c00000, 0x0000000080d00000, 0x0000000080d00000|100%| O|  |TAMS 0x0000000080d00000, 0x0000000080c00000| Untracked 
|  13|0x0000000080d00000, 0x0000000080e00000, 0x0000000080e00000|100%| O|  |TAMS 0x0000000080e00000, 0x0000000080d00000| Untracked 
|  14|0x0000000080e00000, 0x0000000080f00000, 0x0000000080f00000|100%| O|  |TAMS 0x0000000080f00000, 0x0000000080e00000| Untracked 
|  15|0x0000000080f00000, 0x0000000081000000, 0x0000000081000000|100%| O|  |TAMS 0x0000000081000000, 0x0000000080f00000| Untracked 
|  16|0x0000000081000000, 0x0000000081100000, 0x0000000081100000|100%| O|  |TAMS 0x0000000081100000, 0x0000000081000000| Untracked 
|  17|0x0000000081100000, 0x0000000081200000, 0x0000000081200000|100%|HS|  |TAMS 0x0000000081200000, 0x0000000081100000| Complete 
|  18|0x0000000081200000, 0x0000000081300000, 0x0000000081300000|100%|HC|  |TAMS 0x0000000081300000, 0x0000000081200000| Complete 
|  19|0x0000000081300000, 0x0000000081400000, 0x0000000081400000|100%|HS|  |TAMS 0x0000000081400000, 0x0000000081300000| Complete 
|  20|0x0000000081400000, 0x0000000081500000, 0x0000000081500000|100%|HC|  |TAMS 0x0000000081500000, 0x0000000081400000| Complete 
|  21|0x0000000081500000, 0x0000000081600000, 0x0000000081600000|100%|HC|  |TAMS 0x0000000081600000, 0x0000000081500000| Complete 
|  22|0x0000000081600000, 0x0000000081700000, 0x0000000081700000|100%|HS|  |TAMS 0x0000000081700000, 0x0000000081600000| Complete 
|  23|0x0000000081700000, 0x0000000081800000, 0x0000000081800000|100%|HC|  |TAMS 0x0000000081800000, 0x0000000081700000| Complete 
|  24|0x0000000081800000, 0x0000000081900000, 0x0000000081900000|100%|HC|  |TAMS 0x0000000081900000, 0x0000000081800000| Complete 
|  25|0x0000000081900000, 0x0000000081a00000, 0x0000000081a00000|100%|HC|  |TAMS 0x0000000081a00000, 0x0000000081900000| Complete 
|  26|0x0000000081a00000, 0x0000000081b00000, 0x0000000081b00000|100%|HS|  |TAMS 0x0000000081a00000, 0x0000000081a00000| Complete 
|  27|0x0000000081b00000, 0x0000000081c00000, 0x0000000081c00000|100%|HS|  |TAMS 0x0000000081b00000, 0x0000000081b00000| Complete 
|  28|0x0000000081c00000, 0x0000000081d00000, 0x0000000081d00000|100%|HS|  |TAMS 0x0000000081c00000, 0x0000000081c00000| Complete 
|  29|0x0000000081d00000, 0x0000000081e00000, 0x0000000081e00000|100%|HS|  |TAMS 0x0000000081e00000, 0x0000000081d00000| Complete 
|  30|0x0000000081e00000, 0x0000000081f00000, 0x0000000081f00000|100%|HC|  |TAMS 0x0000000081f00000, 0x0000000081e00000| Complete 
|  31|0x0000000081f00000, 0x0000000082000000, 0x0000000082000000|100%|HC|  |TAMS 0x0000000082000000, 0x0000000081f00000| Complete 
|  32|0x0000000082000000, 0x0000000082100000, 0x0000000082100000|100%| O|  |TAMS 0x0000000082000000, 0x0000000082000000| Untracked 
|  33|0x0000000082100000, 0x0000000082200000, 0x0000000082200000|100%| O|  |TAMS 0x0000000082200000, 0x0000000082100000| Untracked 
|  34|0x0000000082200000, 0x0000000082300000, 0x0000000082300000|100%| O|  |TAMS 0x0000000082300000, 0x0000000082200000| Untracked 
|  35|0x0000000082300000, 0x0000000082400000, 0x0000000082400000|100%| O|  |TAMS 0x0000000082375c00, 0x0000000082300000| Untracked 
|  36|0x0000000082400000, 0x0000000082500000, 0x0000000082500000|100%|HS|  |TAMS 0x0000000082400000, 0x0000000082400000| Complete 
|  37|0x0000000082500000, 0x0000000082600000, 0x0000000082600000|100%|HC|  |TAMS 0x0000000082500000, 0x0000000082500000| Complete 
|  38|0x0000000082600000, 0x0000000082700000, 0x0000000082700000|100%|HC|  |TAMS 0x0000000082600000, 0x0000000082600000| Complete 
|  39|0x0000000082700000, 0x0000000082800000, 0x0000000082800000|100%|HC|  |TAMS 0x0000000082700000, 0x0000000082700000| Complete 
|  40|0x0000000082800000, 0x0000000082900000, 0x0000000082900000|100%|HS|  |TAMS 0x0000000082800000, 0x0000000082800000| Complete 
|  41|0x0000000082900000, 0x0000000082a00000, 0x0000000082a00000|100%|HC|  |TAMS 0x0000000082900000, 0x0000000082900000| Complete 
|  42|0x0000000082a00000, 0x0000000082b00000, 0x0000000082b00000|100%| O|  |TAMS 0x0000000082a00000, 0x0000000082a00000| Untracked 
|  43|0x0000000082b00000, 0x0000000082c00000, 0x0000000082c00000|100%| O|  |TAMS 0x0000000082b00000, 0x0000000082b00000| Untracked 
|  44|0x0000000082c00000, 0x0000000082d00000, 0x0000000082d00000|100%| O|  |TAMS 0x0000000082c00000, 0x0000000082c00000| Untracked 
|  45|0x0000000082d00000, 0x0000000082e00000, 0x0000000082e00000|100%| O|  |TAMS 0x0000000082d00000, 0x0000000082d00000| Untracked 
|  46|0x0000000082e00000, 0x0000000082f00000, 0x0000000082f00000|100%| O|  |TAMS 0x0000000082e00000, 0x0000000082e00000| Untracked 
|  47|0x0000000082f00000, 0x0000000083000000, 0x0000000083000000|100%| O|  |TAMS 0x0000000082f00000, 0x0000000082f00000| Untracked 
|  48|0x0000000083000000, 0x00000000830d5800, 0x0000000083100000| 83%| O|  |TAMS 0x0000000083000000, 0x0000000083000000| Untracked 
|  49|0x0000000083100000, 0x0000000083100000, 0x0000000083200000|  0%| F|  |TAMS 0x0000000083100000, 0x0000000083100000| Untracked 
|  50|0x0000000083200000, 0x0000000083200000, 0x0000000083300000|  0%| F|  |TAMS 0x0000000083200000, 0x0000000083200000| Untracked 
|  51|0x0000000083300000, 0x0000000083300000, 0x0000000083400000|  0%| F|  |TAMS 0x0000000083300000, 0x0000000083300000| Untracked 
|  52|0x0000000083400000, 0x0000000083400000, 0x0000000083500000|  0%| F|  |TAMS 0x0000000083400000, 0x0000000083400000| Untracked 
|  53|0x0000000083500000, 0x0000000083500000, 0x0000000083600000|  0%| F|  |TAMS 0x0000000083500000, 0x0000000083500000| Untracked 
|  54|0x0000000083600000, 0x0000000083600000, 0x0000000083700000|  0%| F|  |TAMS 0x0000000083600000, 0x0000000083600000| Untracked 
|  55|0x0000000083700000, 0x0000000083700000, 0x0000000083800000|  0%| F|  |TAMS 0x0000000083700000, 0x0000000083700000| Untracked 
|  56|0x0000000083800000, 0x0000000083800000, 0x0000000083900000|  0%| F|  |TAMS 0x0000000083800000, 0x0000000083800000| Untracked 
|  57|0x0000000083900000, 0x0000000083900000, 0x0000000083a00000|  0%| F|  |TAMS 0x0000000083900000, 0x0000000083900000| Untracked 
|  58|0x0000000083a00000, 0x0000000083a00000, 0x0000000083b00000|  0%| F|  |TAMS 0x0000000083a00000, 0x0000000083a00000| Untracked 
|  59|0x0000000083b00000, 0x0000000083b00000, 0x0000000083c00000|  0%| F|  |TAMS 0x0000000083b00000, 0x0000000083b00000| Untracked 
|  60|0x0000000083c00000, 0x0000000083c00000, 0x0000000083d00000|  0%| F|  |TAMS 0x0000000083c00000, 0x0000000083c00000| Untracked 
|  61|0x0000000083d00000, 0x0000000083d00000, 0x0000000083e00000|  0%| F|  |TAMS 0x0000000083d00000, 0x0000000083d00000| Untracked 
|  62|0x0000000083e00000, 0x0000000083e00000, 0x0000000083f00000|  0%| F|  |TAMS 0x0000000083e00000, 0x0000000083e00000| Untracked 
|  63|0x0000000083f00000, 0x0000000083f00000, 0x0000000084000000|  0%| F|  |TAMS 0x0000000083f00000, 0x0000000083f00000| Untracked 
|  64|0x0000000084000000, 0x0000000084000000, 0x0000000084100000|  0%| F|  |TAMS 0x0000000084000000, 0x0000000084000000| Untracked 
|  65|0x0000000084100000, 0x0000000084100000, 0x0000000084200000|  0%| F|  |TAMS 0x0000000084100000, 0x0000000084100000| Untracked 
|  66|0x0000000084200000, 0x0000000084200000, 0x0000000084300000|  0%| F|  |TAMS 0x0000000084200000, 0x0000000084200000| Untracked 
|  67|0x0000000084300000, 0x0000000084300000, 0x0000000084400000|  0%| F|  |TAMS 0x0000000084300000, 0x0000000084300000| Untracked 
|  68|0x0000000084400000, 0x0000000084400000, 0x0000000084500000|  0%| F|  |TAMS 0x0000000084400000, 0x0000000084400000| Untracked 
|  69|0x0000000084500000, 0x0000000084500000, 0x0000000084600000|  0%| F|  |TAMS 0x0000000084500000, 0x0000000084500000| Untracked 
|  70|0x0000000084600000, 0x0000000084600000, 0x0000000084700000|  0%| F|  |TAMS 0x0000000084600000, 0x0000000084600000| Untracked 
|  71|0x0000000084700000, 0x0000000084700000, 0x0000000084800000|  0%| F|  |TAMS 0x0000000084700000, 0x0000000084700000| Untracked 
|  72|0x0000000084800000, 0x0000000084800000, 0x0000000084900000|  0%| F|  |TAMS 0x0000000084800000, 0x0000000084800000| Untracked 
|  73|0x0000000084900000, 0x0000000084900000, 0x0000000084a00000|  0%| F|  |TAMS 0x0000000084900000, 0x0000000084900000| Untracked 
|  74|0x0000000084a00000, 0x0000000084a00000, 0x0000000084b00000|  0%| F|  |TAMS 0x0000000084a00000, 0x0000000084a00000| Untracked 
|  75|0x0000000084b00000, 0x0000000084b00000, 0x0000000084c00000|  0%| F|  |TAMS 0x0000000084b00000, 0x0000000084b00000| Untracked 
|  76|0x0000000084c00000, 0x0000000084c00000, 0x0000000084d00000|  0%| F|  |TAMS 0x0000000084c00000, 0x0000000084c00000| Untracked 
|  77|0x0000000084d00000, 0x0000000084d00000, 0x0000000084e00000|  0%| F|  |TAMS 0x0000000084d00000, 0x0000000084d00000| Untracked 
|  78|0x0000000084e00000, 0x0000000084e00000, 0x0000000084f00000|  0%| F|  |TAMS 0x0000000084e00000, 0x0000000084e00000| Untracked 
|  79|0x0000000084f00000, 0x0000000084f00000, 0x0000000085000000|  0%| F|  |TAMS 0x0000000084f00000, 0x0000000084f00000| Untracked 
|  80|0x0000000085000000, 0x0000000085000000, 0x0000000085100000|  0%| F|  |TAMS 0x0000000085000000, 0x0000000085000000| Untracked 
|  81|0x0000000085100000, 0x0000000085100000, 0x0000000085200000|  0%| F|  |TAMS 0x0000000085100000, 0x0000000085100000| Untracked 
|  82|0x0000000085200000, 0x0000000085200000, 0x0000000085300000|  0%| F|  |TAMS 0x0000000085200000, 0x0000000085200000| Untracked 
|  83|0x0000000085300000, 0x0000000085300000, 0x0000000085400000|  0%| F|  |TAMS 0x0000000085300000, 0x0000000085300000| Untracked 
|  84|0x0000000085400000, 0x0000000085400000, 0x0000000085500000|  0%| F|  |TAMS 0x0000000085400000, 0x0000000085400000| Untracked 
|  85|0x0000000085500000, 0x0000000085500000, 0x0000000085600000|  0%| F|  |TAMS 0x0000000085500000, 0x0000000085500000| Untracked 
|  86|0x0000000085600000, 0x0000000085600000, 0x0000000085700000|  0%| F|  |TAMS 0x0000000085600000, 0x0000000085600000| Untracked 
|  87|0x0000000085700000, 0x0000000085700000, 0x0000000085800000|  0%| F|  |TAMS 0x0000000085700000, 0x0000000085700000| Untracked 
|  88|0x0000000085800000, 0x0000000085900000, 0x0000000085900000|100%| S|CS|TAMS 0x0000000085800000, 0x0000000085800000| Complete 
|  89|0x0000000085900000, 0x0000000085a00000, 0x0000000085a00000|100%| S|CS|TAMS 0x0000000085900000, 0x0000000085900000| Complete 
|  90|0x0000000085a00000, 0x0000000085b00000, 0x0000000085b00000|100%| S|CS|TAMS 0x0000000085a00000, 0x0000000085a00000| Complete 
|  91|0x0000000085b00000, 0x0000000085c00000, 0x0000000085c00000|100%| S|CS|TAMS 0x0000000085b00000, 0x0000000085b00000| Complete 
|  92|0x0000000085c00000, 0x0000000085d00000, 0x0000000085d00000|100%| S|CS|TAMS 0x0000000085c00000, 0x0000000085c00000| Complete 
|  93|0x0000000085d00000, 0x0000000085e00000, 0x0000000085e00000|100%| S|CS|TAMS 0x0000000085d00000, 0x0000000085d00000| Complete 
|  94|0x0000000085e00000, 0x0000000085f00000, 0x0000000085f00000|100%| S|CS|TAMS 0x0000000085e00000, 0x0000000085e00000| Complete 
|  95|0x0000000085f00000, 0x0000000086000000, 0x0000000086000000|100%| S|CS|TAMS 0x0000000085f00000, 0x0000000085f00000| Complete 
|  96|0x0000000086000000, 0x0000000086100000, 0x0000000086100000|100%| S|CS|TAMS 0x0000000086000000, 0x0000000086000000| Complete 
|  97|0x0000000086100000, 0x0000000086200000, 0x0000000086200000|100%| S|CS|TAMS 0x0000000086100000, 0x0000000086100000| Complete 
|  98|0x0000000086200000, 0x0000000086300000, 0x0000000086300000|100%| S|CS|TAMS 0x0000000086200000, 0x0000000086200000| Complete 
|  99|0x0000000086300000, 0x0000000086400000, 0x0000000086400000|100%| S|CS|TAMS 0x0000000086300000, 0x0000000086300000| Complete 
| 100|0x0000000086400000, 0x0000000086500000, 0x0000000086500000|100%| S|CS|TAMS 0x0000000086400000, 0x0000000086400000| Complete 
| 101|0x0000000086500000, 0x0000000086600000, 0x0000000086600000|100%| S|CS|TAMS 0x0000000086500000, 0x0000000086500000| Complete 
| 102|0x0000000086600000, 0x0000000086700000, 0x0000000086700000|100%| S|CS|TAMS 0x0000000086600000, 0x0000000086600000| Complete 
| 103|0x0000000086700000, 0x0000000086800000, 0x0000000086800000|100%| S|CS|TAMS 0x0000000086700000, 0x0000000086700000| Complete 
| 104|0x0000000086800000, 0x0000000086900000, 0x0000000086900000|100%| S|CS|TAMS 0x0000000086800000, 0x0000000086800000| Complete 
| 105|0x0000000086900000, 0x0000000086a00000, 0x0000000086a00000|100%| S|CS|TAMS 0x0000000086900000, 0x0000000086900000| Complete 
| 106|0x0000000086a00000, 0x0000000086b00000, 0x0000000086b00000|100%| S|CS|TAMS 0x0000000086a00000, 0x0000000086a00000| Complete 
| 107|0x0000000086b00000, 0x0000000086b00000, 0x0000000086c00000|  0%| F|  |TAMS 0x0000000086b00000, 0x0000000086b00000| Untracked 
| 108|0x0000000086c00000, 0x0000000086c00000, 0x0000000086d00000|  0%| F|  |TAMS 0x0000000086c00000, 0x0000000086c00000| Untracked 
| 109|0x0000000086d00000, 0x0000000086d00000, 0x0000000086e00000|  0%| F|  |TAMS 0x0000000086d00000, 0x0000000086d00000| Untracked 
| 110|0x0000000086e00000, 0x0000000086e00000, 0x0000000086f00000|  0%| F|  |TAMS 0x0000000086e00000, 0x0000000086e00000| Untracked 
| 111|0x0000000086f00000, 0x0000000086f00000, 0x0000000087000000|  0%| F|  |TAMS 0x0000000086f00000, 0x0000000086f00000| Untracked 
| 112|0x0000000087000000, 0x0000000087000000, 0x0000000087100000|  0%| F|  |TAMS 0x0000000087000000, 0x0000000087000000| Untracked 
| 113|0x0000000087100000, 0x0000000087100000, 0x0000000087200000|  0%| F|  |TAMS 0x0000000087100000, 0x0000000087100000| Untracked 
| 114|0x0000000087200000, 0x0000000087200000, 0x0000000087300000|  0%| F|  |TAMS 0x0000000087200000, 0x0000000087200000| Untracked 
| 115|0x0000000087300000, 0x0000000087300000, 0x0000000087400000|  0%| F|  |TAMS 0x0000000087300000, 0x0000000087300000| Untracked 
| 116|0x0000000087400000, 0x0000000087400000, 0x0000000087500000|  0%| F|  |TAMS 0x0000000087400000, 0x0000000087400000| Untracked 
| 117|0x0000000087500000, 0x0000000087500000, 0x0000000087600000|  0%| F|  |TAMS 0x0000000087500000, 0x0000000087500000| Untracked 
| 118|0x0000000087600000, 0x0000000087600000, 0x0000000087700000|  0%| F|  |TAMS 0x0000000087600000, 0x0000000087600000| Untracked 
| 119|0x0000000087700000, 0x0000000087700000, 0x0000000087800000|  0%| F|  |TAMS 0x0000000087700000, 0x0000000087700000| Untracked 
| 120|0x0000000087800000, 0x0000000087800000, 0x0000000087900000|  0%| F|  |TAMS 0x0000000087800000, 0x0000000087800000| Untracked 
| 121|0x0000000087900000, 0x0000000087900000, 0x0000000087a00000|  0%| F|  |TAMS 0x0000000087900000, 0x0000000087900000| Untracked 
| 122|0x0000000087a00000, 0x0000000087a00000, 0x0000000087b00000|  0%| F|  |TAMS 0x0000000087a00000, 0x0000000087a00000| Untracked 
| 123|0x0000000087b00000, 0x0000000087b00000, 0x0000000087c00000|  0%| F|  |TAMS 0x0000000087b00000, 0x0000000087b00000| Untracked 
| 124|0x0000000087c00000, 0x0000000087c00000, 0x0000000087d00000|  0%| F|  |TAMS 0x0000000087c00000, 0x0000000087c00000| Untracked 
| 125|0x0000000087d00000, 0x0000000087d00000, 0x0000000087e00000|  0%| F|  |TAMS 0x0000000087d00000, 0x0000000087d00000| Untracked 
| 126|0x0000000087e00000, 0x0000000087e00000, 0x0000000087f00000|  0%| F|  |TAMS 0x0000000087e00000, 0x0000000087e00000| Untracked 
| 127|0x0000000087f00000, 0x0000000087f00000, 0x0000000088000000|  0%| F|  |TAMS 0x0000000087f00000, 0x0000000087f00000| Untracked 
| 128|0x0000000088000000, 0x0000000088000000, 0x0000000088100000|  0%| F|  |TAMS 0x0000000088000000, 0x0000000088000000| Untracked 
| 129|0x0000000088100000, 0x0000000088100000, 0x0000000088200000|  0%| F|  |TAMS 0x0000000088100000, 0x0000000088100000| Untracked 
| 130|0x0000000088200000, 0x0000000088200000, 0x0000000088300000|  0%| F|  |TAMS 0x0000000088200000, 0x0000000088200000| Untracked 
| 131|0x0000000088300000, 0x0000000088300000, 0x0000000088400000|  0%| F|  |TAMS 0x0000000088300000, 0x0000000088300000| Untracked 
| 132|0x0000000088400000, 0x0000000088400000, 0x0000000088500000|  0%| F|  |TAMS 0x0000000088400000, 0x0000000088400000| Untracked 
| 133|0x0000000088500000, 0x0000000088500000, 0x0000000088600000|  0%| F|  |TAMS 0x0000000088500000, 0x0000000088500000| Untracked 
| 134|0x0000000088600000, 0x0000000088600000, 0x0000000088700000|  0%| F|  |TAMS 0x0000000088600000, 0x0000000088600000| Untracked 
| 135|0x0000000088700000, 0x0000000088700000, 0x0000000088800000|  0%| F|  |TAMS 0x0000000088700000, 0x0000000088700000| Untracked 
| 136|0x0000000088800000, 0x0000000088800000, 0x0000000088900000|  0%| F|  |TAMS 0x0000000088800000, 0x0000000088800000| Untracked 
| 137|0x0000000088900000, 0x0000000088900000, 0x0000000088a00000|  0%| F|  |TAMS 0x0000000088900000, 0x0000000088900000| Untracked 
| 138|0x0000000088a00000, 0x0000000088a00000, 0x0000000088b00000|  0%| F|  |TAMS 0x0000000088a00000, 0x0000000088a00000| Untracked 
| 139|0x0000000088b00000, 0x0000000088b00000, 0x0000000088c00000|  0%| F|  |TAMS 0x0000000088b00000, 0x0000000088b00000| Untracked 
| 140|0x0000000088c00000, 0x0000000088c00000, 0x0000000088d00000|  0%| F|  |TAMS 0x0000000088c00000, 0x0000000088c00000| Untracked 
| 141|0x0000000088d00000, 0x0000000088d00000, 0x0000000088e00000|  0%| F|  |TAMS 0x0000000088d00000, 0x0000000088d00000| Untracked 
| 142|0x0000000088e00000, 0x0000000088e00000, 0x0000000088f00000|  0%| F|  |TAMS 0x0000000088e00000, 0x0000000088e00000| Untracked 
| 143|0x0000000088f00000, 0x0000000088f00000, 0x0000000089000000|  0%| F|  |TAMS 0x0000000088f00000, 0x0000000088f00000| Untracked 
| 144|0x0000000089000000, 0x0000000089000000, 0x0000000089100000|  0%| F|  |TAMS 0x0000000089000000, 0x0000000089000000| Untracked 
| 145|0x0000000089100000, 0x0000000089100000, 0x0000000089200000|  0%| F|  |TAMS 0x0000000089100000, 0x0000000089100000| Untracked 
| 146|0x0000000089200000, 0x0000000089200000, 0x0000000089300000|  0%| F|  |TAMS 0x0000000089200000, 0x0000000089200000| Untracked 
| 147|0x0000000089300000, 0x0000000089300000, 0x0000000089400000|  0%| F|  |TAMS 0x0000000089300000, 0x0000000089300000| Untracked 
| 148|0x0000000089400000, 0x0000000089400000, 0x0000000089500000|  0%| F|  |TAMS 0x0000000089400000, 0x0000000089400000| Untracked 
| 149|0x0000000089500000, 0x0000000089500000, 0x0000000089600000|  0%| F|  |TAMS 0x0000000089500000, 0x0000000089500000| Untracked 
| 150|0x0000000089600000, 0x0000000089600000, 0x0000000089700000|  0%| F|  |TAMS 0x0000000089600000, 0x0000000089600000| Untracked 
| 151|0x0000000089700000, 0x0000000089700000, 0x0000000089800000|  0%| F|  |TAMS 0x0000000089700000, 0x0000000089700000| Untracked 
| 152|0x0000000089800000, 0x0000000089800000, 0x0000000089900000|  0%| F|  |TAMS 0x0000000089800000, 0x0000000089800000| Untracked 
| 153|0x0000000089900000, 0x0000000089900000, 0x0000000089a00000|  0%| F|  |TAMS 0x0000000089900000, 0x0000000089900000| Untracked 
| 154|0x0000000089a00000, 0x0000000089a00000, 0x0000000089b00000|  0%| F|  |TAMS 0x0000000089a00000, 0x0000000089a00000| Untracked 
| 155|0x0000000089b00000, 0x0000000089b00000, 0x0000000089c00000|  0%| F|  |TAMS 0x0000000089b00000, 0x0000000089b00000| Untracked 
| 156|0x0000000089c00000, 0x0000000089c00000, 0x0000000089d00000|  0%| F|  |TAMS 0x0000000089c00000, 0x0000000089c00000| Untracked 
| 157|0x0000000089d00000, 0x0000000089d00000, 0x0000000089e00000|  0%| F|  |TAMS 0x0000000089d00000, 0x0000000089d00000| Untracked 
| 158|0x0000000089e00000, 0x0000000089e00000, 0x0000000089f00000|  0%| F|  |TAMS 0x0000000089e00000, 0x0000000089e00000| Untracked 
| 159|0x0000000089f00000, 0x0000000089f00000, 0x000000008a000000|  0%| F|  |TAMS 0x0000000089f00000, 0x0000000089f00000| Untracked 
| 160|0x000000008a000000, 0x000000008a000000, 0x000000008a100000|  0%| F|  |TAMS 0x000000008a000000, 0x000000008a000000| Untracked 
| 161|0x000000008a100000, 0x000000008a100000, 0x000000008a200000|  0%| F|  |TAMS 0x000000008a100000, 0x000000008a100000| Untracked 
| 162|0x000000008a200000, 0x000000008a200000, 0x000000008a300000|  0%| F|  |TAMS 0x000000008a200000, 0x000000008a200000| Untracked 
| 163|0x000000008a300000, 0x000000008a300000, 0x000000008a400000|  0%| F|  |TAMS 0x000000008a300000, 0x000000008a300000| Untracked 
| 164|0x000000008a400000, 0x000000008a400000, 0x000000008a500000|  0%| F|  |TAMS 0x000000008a400000, 0x000000008a400000| Untracked 
| 165|0x000000008a500000, 0x000000008a500000, 0x000000008a600000|  0%| F|  |TAMS 0x000000008a500000, 0x000000008a500000| Untracked 
| 166|0x000000008a600000, 0x000000008a600000, 0x000000008a700000|  0%| F|  |TAMS 0x000000008a600000, 0x000000008a600000| Untracked 
| 167|0x000000008a700000, 0x000000008a700000, 0x000000008a800000|  0%| F|  |TAMS 0x000000008a700000, 0x000000008a700000| Untracked 
| 168|0x000000008a800000, 0x000000008a800000, 0x000000008a900000|  0%| F|  |TAMS 0x000000008a800000, 0x000000008a800000| Untracked 
| 169|0x000000008a900000, 0x000000008a900000, 0x000000008aa00000|  0%| F|  |TAMS 0x000000008a900000, 0x000000008a900000| Untracked 
| 170|0x000000008aa00000, 0x000000008aa00000, 0x000000008ab00000|  0%| F|  |TAMS 0x000000008aa00000, 0x000000008aa00000| Untracked 
| 171|0x000000008ab00000, 0x000000008ab00000, 0x000000008ac00000|  0%| F|  |TAMS 0x000000008ab00000, 0x000000008ab00000| Untracked 
| 172|0x000000008ac00000, 0x000000008ac00000, 0x000000008ad00000|  0%| F|  |TAMS 0x000000008ac00000, 0x000000008ac00000| Untracked 
| 173|0x000000008ad00000, 0x000000008ad00000, 0x000000008ae00000|  0%| F|  |TAMS 0x000000008ad00000, 0x000000008ad00000| Untracked 
| 174|0x000000008ae00000, 0x000000008ae00000, 0x000000008af00000|  0%| F|  |TAMS 0x000000008ae00000, 0x000000008ae00000| Untracked 
| 175|0x000000008af00000, 0x000000008af00000, 0x000000008b000000|  0%| F|  |TAMS 0x000000008af00000, 0x000000008af00000| Untracked 
| 176|0x000000008b000000, 0x000000008b000000, 0x000000008b100000|  0%| F|  |TAMS 0x000000008b000000, 0x000000008b000000| Untracked 
| 177|0x000000008b100000, 0x000000008b100000, 0x000000008b200000|  0%| F|  |TAMS 0x000000008b100000, 0x000000008b100000| Untracked 
| 178|0x000000008b200000, 0x000000008b200000, 0x000000008b300000|  0%| F|  |TAMS 0x000000008b200000, 0x000000008b200000| Untracked 
| 179|0x000000008b300000, 0x000000008b300000, 0x000000008b400000|  0%| F|  |TAMS 0x000000008b300000, 0x000000008b300000| Untracked 
| 180|0x000000008b400000, 0x000000008b400000, 0x000000008b500000|  0%| F|  |TAMS 0x000000008b400000, 0x000000008b400000| Untracked 
| 181|0x000000008b500000, 0x000000008b5816e8, 0x000000008b600000| 50%| E|  |TAMS 0x000000008b500000, 0x000000008b500000| Complete 
| 182|0x000000008b600000, 0x000000008b700000, 0x000000008b700000|100%| E|CS|TAMS 0x000000008b600000, 0x000000008b600000| Complete 
| 183|0x000000008b700000, 0x000000008b800000, 0x000000008b800000|100%| E|CS|TAMS 0x000000008b700000, 0x000000008b700000| Complete 
| 184|0x000000008b800000, 0x000000008b900000, 0x000000008b900000|100%| E|CS|TAMS 0x000000008b800000, 0x000000008b800000| Complete 
| 185|0x000000008b900000, 0x000000008ba00000, 0x000000008ba00000|100%| E|CS|TAMS 0x000000008b900000, 0x000000008b900000| Complete 
| 186|0x000000008ba00000, 0x000000008bb00000, 0x000000008bb00000|100%| E|CS|TAMS 0x000000008ba00000, 0x000000008ba00000| Complete 
| 187|0x000000008bb00000, 0x000000008bc00000, 0x000000008bc00000|100%| E|CS|TAMS 0x000000008bb00000, 0x000000008bb00000| Complete 
| 188|0x000000008bc00000, 0x000000008bd00000, 0x000000008bd00000|100%| E|CS|TAMS 0x000000008bc00000, 0x000000008bc00000| Complete 
| 189|0x000000008bd00000, 0x000000008be00000, 0x000000008be00000|100%| E|CS|TAMS 0x000000008bd00000, 0x000000008bd00000| Complete 
| 190|0x000000008be00000, 0x000000008bf00000, 0x000000008bf00000|100%| E|CS|TAMS 0x000000008be00000, 0x000000008be00000| Complete 
| 191|0x000000008bf00000, 0x000000008c000000, 0x000000008c000000|100%| E|CS|TAMS 0x000000008bf00000, 0x000000008bf00000| Complete 
| 192|0x000000008c000000, 0x000000008c100000, 0x000000008c100000|100%| E|CS|TAMS 0x000000008c000000, 0x000000008c000000| Complete 
| 193|0x000000008c100000, 0x000000008c200000, 0x000000008c200000|100%| E|CS|TAMS 0x000000008c100000, 0x000000008c100000| Complete 
| 194|0x000000008c200000, 0x000000008c300000, 0x000000008c300000|100%| E|CS|TAMS 0x000000008c200000, 0x000000008c200000| Complete 
| 195|0x000000008c300000, 0x000000008c400000, 0x000000008c400000|100%| E|CS|TAMS 0x000000008c300000, 0x000000008c300000| Complete 
| 196|0x000000008c400000, 0x000000008c500000, 0x000000008c500000|100%| E|CS|TAMS 0x000000008c400000, 0x000000008c400000| Complete 
| 197|0x000000008c500000, 0x000000008c600000, 0x000000008c600000|100%| E|CS|TAMS 0x000000008c500000, 0x000000008c500000| Complete 
| 198|0x000000008c600000, 0x000000008c700000, 0x000000008c700000|100%| E|CS|TAMS 0x000000008c600000, 0x000000008c600000| Complete 
| 199|0x000000008c700000, 0x000000008c800000, 0x000000008c800000|100%| E|CS|TAMS 0x000000008c700000, 0x000000008c700000| Complete 
| 200|0x000000008c800000, 0x000000008c900000, 0x000000008c900000|100%| E|CS|TAMS 0x000000008c800000, 0x000000008c800000| Complete 
| 201|0x000000008c900000, 0x000000008ca00000, 0x000000008ca00000|100%| E|CS|TAMS 0x000000008c900000, 0x000000008c900000| Complete 
| 202|0x000000008ca00000, 0x000000008cb00000, 0x000000008cb00000|100%| E|CS|TAMS 0x000000008ca00000, 0x000000008ca00000| Complete 
| 203|0x000000008cb00000, 0x000000008cc00000, 0x000000008cc00000|100%| E|CS|TAMS 0x000000008cb00000, 0x000000008cb00000| Complete 
| 204|0x000000008cc00000, 0x000000008cd00000, 0x000000008cd00000|100%| E|CS|TAMS 0x000000008cc00000, 0x000000008cc00000| Complete 
| 205|0x000000008cd00000, 0x000000008ce00000, 0x000000008ce00000|100%| E|CS|TAMS 0x000000008cd00000, 0x000000008cd00000| Complete 
| 206|0x000000008ce00000, 0x000000008cf00000, 0x000000008cf00000|100%| E|CS|TAMS 0x000000008ce00000, 0x000000008ce00000| Complete 
| 207|0x000000008cf00000, 0x000000008d000000, 0x000000008d000000|100%| E|CS|TAMS 0x000000008cf00000, 0x000000008cf00000| Complete 
| 208|0x000000008d000000, 0x000000008d100000, 0x000000008d100000|100%| E|CS|TAMS 0x000000008d000000, 0x000000008d000000| Complete 
| 209|0x000000008d100000, 0x000000008d200000, 0x000000008d200000|100%| E|CS|TAMS 0x000000008d100000, 0x000000008d100000| Complete 
| 210|0x000000008d200000, 0x000000008d300000, 0x000000008d300000|100%| E|CS|TAMS 0x000000008d200000, 0x000000008d200000| Complete 
| 211|0x000000008d300000, 0x000000008d400000, 0x000000008d400000|100%| E|CS|TAMS 0x000000008d300000, 0x000000008d300000| Complete 
| 212|0x000000008d400000, 0x000000008d500000, 0x000000008d500000|100%| E|CS|TAMS 0x000000008d400000, 0x000000008d400000| Complete 
| 213|0x000000008d500000, 0x000000008d600000, 0x000000008d600000|100%| E|CS|TAMS 0x000000008d500000, 0x000000008d500000| Complete 
| 214|0x000000008d600000, 0x000000008d700000, 0x000000008d700000|100%| E|CS|TAMS 0x000000008d600000, 0x000000008d600000| Complete 
| 215|0x000000008d700000, 0x000000008d800000, 0x000000008d800000|100%| E|CS|TAMS 0x000000008d700000, 0x000000008d700000| Complete 
| 216|0x000000008d800000, 0x000000008d900000, 0x000000008d900000|100%| E|CS|TAMS 0x000000008d800000, 0x000000008d800000| Complete 
| 217|0x000000008d900000, 0x000000008da00000, 0x000000008da00000|100%| E|CS|TAMS 0x000000008d900000, 0x000000008d900000| Complete 
| 218|0x000000008da00000, 0x000000008db00000, 0x000000008db00000|100%| E|CS|TAMS 0x000000008da00000, 0x000000008da00000| Complete 
| 219|0x000000008db00000, 0x000000008dc00000, 0x000000008dc00000|100%| E|CS|TAMS 0x000000008db00000, 0x000000008db00000| Complete 
| 220|0x000000008dc00000, 0x000000008dd00000, 0x000000008dd00000|100%| E|CS|TAMS 0x000000008dc00000, 0x000000008dc00000| Complete 
| 221|0x000000008dd00000, 0x000000008de00000, 0x000000008de00000|100%| E|CS|TAMS 0x000000008dd00000, 0x000000008dd00000| Complete 
| 222|0x000000008de00000, 0x000000008df00000, 0x000000008df00000|100%| E|CS|TAMS 0x000000008de00000, 0x000000008de00000| Complete 
| 223|0x000000008df00000, 0x000000008e000000, 0x000000008e000000|100%| E|CS|TAMS 0x000000008df00000, 0x000000008df00000| Complete 
| 224|0x000000008e000000, 0x000000008e100000, 0x000000008e100000|100%| E|CS|TAMS 0x000000008e000000, 0x000000008e000000| Complete 
| 225|0x000000008e100000, 0x000000008e200000, 0x000000008e200000|100%| E|CS|TAMS 0x000000008e100000, 0x000000008e100000| Complete 
| 226|0x000000008e200000, 0x000000008e300000, 0x000000008e300000|100%| E|CS|TAMS 0x000000008e200000, 0x000000008e200000| Complete 
| 227|0x000000008e300000, 0x000000008e400000, 0x000000008e400000|100%| E|CS|TAMS 0x000000008e300000, 0x000000008e300000| Complete 
| 228|0x000000008e400000, 0x000000008e500000, 0x000000008e500000|100%| E|CS|TAMS 0x000000008e400000, 0x000000008e400000| Complete 
| 229|0x000000008e500000, 0x000000008e600000, 0x000000008e600000|100%| E|CS|TAMS 0x000000008e500000, 0x000000008e500000| Complete 
| 230|0x000000008e600000, 0x000000008e700000, 0x000000008e700000|100%| E|CS|TAMS 0x000000008e600000, 0x000000008e600000| Complete 
| 231|0x000000008e700000, 0x000000008e800000, 0x000000008e800000|100%| E|CS|TAMS 0x000000008e700000, 0x000000008e700000| Complete 
| 232|0x000000008e800000, 0x000000008e900000, 0x000000008e900000|100%| E|CS|TAMS 0x000000008e800000, 0x000000008e800000| Complete 
| 233|0x000000008e900000, 0x000000008ea00000, 0x000000008ea00000|100%| E|CS|TAMS 0x000000008e900000, 0x000000008e900000| Complete 
| 234|0x000000008ea00000, 0x000000008eb00000, 0x000000008eb00000|100%| E|CS|TAMS 0x000000008ea00000, 0x000000008ea00000| Complete 
| 235|0x000000008eb00000, 0x000000008ec00000, 0x000000008ec00000|100%| E|CS|TAMS 0x000000008eb00000, 0x000000008eb00000| Complete 
| 236|0x000000008ec00000, 0x000000008ed00000, 0x000000008ed00000|100%| E|CS|TAMS 0x000000008ec00000, 0x000000008ec00000| Complete 
| 237|0x000000008ed00000, 0x000000008ee00000, 0x000000008ee00000|100%| E|CS|TAMS 0x000000008ed00000, 0x000000008ed00000| Complete 
| 238|0x000000008ee00000, 0x000000008ef00000, 0x000000008ef00000|100%| E|CS|TAMS 0x000000008ee00000, 0x000000008ee00000| Complete 
| 239|0x000000008ef00000, 0x000000008f000000, 0x000000008f000000|100%| E|CS|TAMS 0x000000008ef00000, 0x000000008ef00000| Complete 
| 240|0x000000008f000000, 0x000000008f100000, 0x000000008f100000|100%| E|CS|TAMS 0x000000008f000000, 0x000000008f000000| Complete 
| 241|0x000000008f100000, 0x000000008f200000, 0x000000008f200000|100%| E|CS|TAMS 0x000000008f100000, 0x000000008f100000| Complete 
| 242|0x000000008f200000, 0x000000008f300000, 0x000000008f300000|100%| E|CS|TAMS 0x000000008f200000, 0x000000008f200000| Complete 
| 243|0x000000008f300000, 0x000000008f400000, 0x000000008f400000|100%| E|CS|TAMS 0x000000008f300000, 0x000000008f300000| Complete 
| 244|0x000000008f400000, 0x000000008f500000, 0x000000008f500000|100%| E|CS|TAMS 0x000000008f400000, 0x000000008f400000| Complete 
| 245|0x000000008f500000, 0x000000008f600000, 0x000000008f600000|100%| E|CS|TAMS 0x000000008f500000, 0x000000008f500000| Complete 
| 246|0x000000008f600000, 0x000000008f700000, 0x000000008f700000|100%| E|CS|TAMS 0x000000008f600000, 0x000000008f600000| Complete 
| 247|0x000000008f700000, 0x000000008f800000, 0x000000008f800000|100%| E|CS|TAMS 0x000000008f700000, 0x000000008f700000| Complete 
| 248|0x000000008f800000, 0x000000008f900000, 0x000000008f900000|100%| E|CS|TAMS 0x000000008f800000, 0x000000008f800000| Complete 
| 249|0x000000008f900000, 0x000000008fa00000, 0x000000008fa00000|100%| E|CS|TAMS 0x000000008f900000, 0x000000008f900000| Complete 
| 250|0x000000008fa00000, 0x000000008fb00000, 0x000000008fb00000|100%| E|CS|TAMS 0x000000008fa00000, 0x000000008fa00000| Complete 
| 251|0x000000008fb00000, 0x000000008fc00000, 0x000000008fc00000|100%| E|CS|TAMS 0x000000008fb00000, 0x000000008fb00000| Complete 
| 252|0x000000008fc00000, 0x000000008fd00000, 0x000000008fd00000|100%| E|CS|TAMS 0x000000008fc00000, 0x000000008fc00000| Complete 
| 253|0x000000008fd00000, 0x000000008fe00000, 0x000000008fe00000|100%| E|CS|TAMS 0x000000008fd00000, 0x000000008fd00000| Complete 
| 254|0x000000008fe00000, 0x000000008ff00000, 0x000000008ff00000|100%| E|CS|TAMS 0x000000008fe00000, 0x000000008fe00000| Complete 
| 255|0x000000008ff00000, 0x0000000090000000, 0x0000000090000000|100%| E|CS|TAMS 0x000000008ff00000, 0x000000008ff00000| Complete 

Card table byte_map: [0x000001c05fb60000,0x000001c05ff60000] _byte_map_base: 0x000001c05f760000

Marking Bits (Prev, Next): (CMBitMap*) 0x000001c04c730150, (CMBitMap*) 0x000001c04c730118
 Prev Bits: [0x000001c062360000, 0x000001c064360000)
 Next Bits: [0x000001c060360000, 0x000001c062360000)

Polling page: 0x000001c04bed0000

Metaspace:

Usage:
  Non-class:     53.14 MB capacity,    52.00 MB ( 98%) used,  1004.92 KB (  2%) free+waste,   163.75 KB ( <1%) overhead. 
      Class:      8.25 MB capacity,     7.62 MB ( 92%) used,   571.84 KB (  7%) free+waste,    78.56 KB ( <1%) overhead. 
       Both:     61.39 MB capacity,    59.61 MB ( 97%) used,     1.54 MB (  3%) free+waste,   242.31 KB ( <1%) overhead. 

Virtual space:
  Non-class space:       54.00 MB reserved,      53.32 MB ( 99%) committed 
      Class space:        1.00 GB reserved,       8.38 MB ( <1%) committed 
             Both:        1.05 GB reserved,      61.70 MB (  6%) committed 

Chunk freelists:
   Non-Class:  57.00 KB
       Class:  31.00 KB
        Both:  88.00 KB

MaxMetaspaceSize: 17179869184.00 GB
CompressedClassSpaceSize: 1.00 GB

CodeHeap 'non-profiled nmethods': size=120000Kb used=3540Kb max_used=3540Kb free=116459Kb
 bounds [0x000001c057cc0000, 0x000001c058040000, 0x000001c05f1f0000]
CodeHeap 'profiled nmethods': size=120000Kb used=12825Kb max_used=12825Kb free=107175Kb
 bounds [0x000001c050790000, 0x000001c051420000, 0x000001c057cc0000]
CodeHeap 'non-nmethods': size=5760Kb used=2299Kb max_used=2299Kb free=3460Kb
 bounds [0x000001c0501f0000, 0x000001c050460000, 0x000001c050790000]
 total_blobs=6995 nmethods=6154 adapters=749
 compilation: enabled
              stopped_count=0, restarted_count=0
 full_count=0

Compilation events (20 events):
Event: 5.449 Thread 0x000001c0678dc000 6122       3       org.gradle.internal.instantiation.generator.Jsr330ConstructorSelector$CachedConstructor::getConstructor (17 bytes)
Event: 5.449 Thread 0x000001c0678dc000 nmethod 6122 0x000001c051404290 code [0x000001c051404440, 0x000001c051404598]
Event: 5.449 Thread 0x000001c0678dc000 6123       3       org.objectweb.asm.SymbolTable$Entry::<init> (17 bytes)
Event: 5.449 Thread 0x000001c0678dc000 nmethod 6123 0x000001c051404690 code [0x000001c051404840, 0x000001c0514049a8]
Event: 5.449 Thread 0x000001c0678dc000 6124       3       sun.invoke.util.VerifyAccess$1::<init> (15 bytes)
Event: 5.449 Thread 0x000001c0678dc000 nmethod 6124 0x000001c051404a90 code [0x000001c051404c40, 0x000001c051404e58]
Event: 5.449 Thread 0x000001c0678dc000 6125       3       sun.invoke.util.VerifyAccess$1::run (5 bytes)
Event: 5.449 Thread 0x000001c0678dc000 nmethod 6125 0x000001c051404f10 code [0x000001c0514050e0, 0x000001c0514052a8]
Event: 5.449 Thread 0x000001c0678dc000 6126       3       java.lang.invoke.DelegatingMethodHandle::<init> (10 bytes)
Event: 5.450 Thread 0x000001c0678dc000 nmethod 6126 0x000001c051405390 code [0x000001c051405580, 0x000001c0514059b8]
Event: 5.450 Thread 0x000001c0678dc000 6129       3       java.util.Collections$SetFromMap::contains (11 bytes)
Event: 5.450 Thread 0x000001c0678dc000 nmethod 6129 0x000001c051405b10 code [0x000001c051405cc0, 0x000001c051405e88]
Event: 5.450 Thread 0x000001c0678dc000 6130       3       org.gradle.internal.logging.events.CategorisedOutputEvent::<init> (21 bytes)
Event: 5.450 Thread 0x000001c0678dc000 nmethod 6130 0x000001c051405f90 code [0x000001c051406160, 0x000001c0514063d8]
Event: 5.450 Thread 0x000001c0678dc000 6127       3       java.lang.invoke.DelegatingMethodHandle::chooseDelegatingForm (24 bytes)
Event: 5.450 Thread 0x000001c0678dc000 nmethod 6127 0x000001c051406510 code [0x000001c0514066e0, 0x000001c051406a48]
Event: 5.450 Thread 0x000001c0678dc000 6131       1       org.gradle.api.internal.collections.AbstractIterationOrderRetainingElementSource$ValuePointer::getElement (5 bytes)
Event: 5.450 Thread 0x000001c0678dc000 nmethod 6131 0x000001c058023e10 code [0x000001c058023fc0, 0x000001c058024078]
Event: 5.450 Thread 0x000001c0678dc000 6132       1       org.gradle.api.internal.collections.AbstractIterationOrderRetainingElementSource$ValuePointer::getIndex (5 bytes)
Event: 5.450 Thread 0x000001c0678dc000 nmethod 6132 0x000001c058024110 code [0x000001c0580242c0, 0x000001c058024378]

GC Heap History (12 events):
Event: 0.577 GC heap before
{Heap before GC invocations=0 (full 0):
 garbage-first heap   total 262144K, used 29696K [0x0000000080000000, 0x0000000100000000)
  region size 1024K, 24 young (24576K), 0 survivors (0K)
 Metaspace       used 9877K, capacity 10114K, committed 10368K, reserved 1058816K
  class space    used 1028K, capacity 1102K, committed 1152K, reserved 1048576K
}
Event: 0.594 GC heap after
{Heap after GC invocations=1 (full 0):
 garbage-first heap   total 262144K, used 9536K [0x0000000080000000, 0x0000000100000000)
  region size 1024K, 3 young (3072K), 3 survivors (3072K)
 Metaspace       used 9877K, capacity 10114K, committed 10368K, reserved 1058816K
  class space    used 1028K, capacity 1102K, committed 1152K, reserved 1048576K
}
Event: 2.256 GC heap before
{Heap before GC invocations=1 (full 0):
 garbage-first heap   total 262144K, used 106816K [0x0000000080000000, 0x0000000100000000)
  region size 1024K, 99 young (101376K), 3 survivors (3072K)
 Metaspace       used 20629K, capacity 21112K, committed 21296K, reserved 1069056K
  class space    used 2525K, capacity 2674K, committed 2688K, reserved 1048576K
}
Event: 2.263 GC heap after
{Heap after GC invocations=2 (full 0):
 garbage-first heap   total 262144K, used 17233K [0x0000000080000000, 0x0000000100000000)
  region size 1024K, 11 young (11264K), 11 survivors (11264K)
 Metaspace       used 20629K, capacity 21112K, committed 21296K, reserved 1069056K
  class space    used 2525K, capacity 2674K, committed 2688K, reserved 1048576K
}
Event: 2.554 GC heap before
{Heap before GC invocations=3 (full 0):
 garbage-first heap   total 262144K, used 62289K [0x0000000080000000, 0x0000000100000000)
  region size 1024K, 55 young (56320K), 11 survivors (11264K)
 Metaspace       used 25155K, capacity 25715K, committed 25904K, reserved 1071104K
  class space    used 3247K, capacity 3447K, committed 3456K, reserved 1048576K
}
Event: 2.559 GC heap after
{Heap after GC invocations=4 (full 0):
 garbage-first heap   total 262144K, used 18555K [0x0000000080000000, 0x0000000100000000)
  region size 1024K, 3 young (3072K), 3 survivors (3072K)
 Metaspace       used 25155K, capacity 25715K, committed 25904K, reserved 1071104K
  class space    used 3247K, capacity 3447K, committed 3456K, reserved 1048576K
}
Event: 3.211 GC heap before
{Heap before GC invocations=4 (full 0):
 garbage-first heap   total 262144K, used 110715K [0x0000000080000000, 0x0000000100000000)
  region size 1024K, 85 young (87040K), 3 survivors (3072K)
 Metaspace       used 34585K, capacity 35519K, committed 35632K, reserved 1079296K
  class space    used 4560K, capacity 4928K, committed 4992K, reserved 1048576K
}
Event: 3.219 GC heap after
{Heap after GC invocations=5 (full 0):
 garbage-first heap   total 262144K, used 35048K [0x0000000080000000, 0x0000000100000000)
  region size 1024K, 10 young (10240K), 10 survivors (10240K)
 Metaspace       used 34585K, capacity 35519K, committed 35632K, reserved 1079296K
  class space    used 4560K, capacity 4928K, committed 4992K, reserved 1048576K
}
Event: 3.986 GC heap before
{Heap before GC invocations=6 (full 0):
 garbage-first heap   total 262144K, used 152808K [0x0000000080000000, 0x0000000100000000)
  region size 1024K, 119 young (121856K), 10 survivors (10240K)
 Metaspace       used 44749K, capacity 46032K, committed 46152K, reserved 1089536K
  class space    used 5654K, capacity 6115K, committed 6144K, reserved 1048576K
}
Event: 4.001 GC heap after
{Heap after GC invocations=7 (full 0):
 garbage-first heap   total 262144K, used 47575K [0x0000000080000000, 0x0000000100000000)
  region size 1024K, 15 young (15360K), 15 survivors (15360K)
 Metaspace       used 44749K, capacity 46032K, committed 46152K, reserved 1089536K
  class space    used 5654K, capacity 6115K, committed 6144K, reserved 1048576K
}
Event: 4.775 GC heap before
{Heap before GC invocations=8 (full 0):
 garbage-first heap   total 262144K, used 192983K [0x0000000080000000, 0x0000000100000000)
  region size 1024K, 149 young (152576K), 15 survivors (15360K)
 Metaspace       used 50184K, capacity 51719K, committed 51912K, reserved 1093632K
  class space    used 6447K, capacity 6998K, committed 7040K, reserved 1048576K
}
Event: 4.786 GC heap after
{Heap after GC invocations=9 (full 0):
 garbage-first heap   total 262144K, used 69462K [0x0000000080000000, 0x0000000100000000)
  region size 1024K, 19 young (19456K), 19 survivors (19456K)
 Metaspace       used 50184K, capacity 51719K, committed 51912K, reserved 1093632K
  class space    used 6447K, capacity 6998K, committed 7040K, reserved 1048576K
}

Deoptimization events (20 events):
Event: 5.404 Thread 0x000001c068a68000 Uncommon trap: trap_request=0xffffffbe fr.pc=0x000001c057ef6990 relative=0x0000000000000310
Event: 5.404 Thread 0x000001c068a68000 Uncommon trap: reason=profile_predicate action=maybe_recompile pc=0x000001c057ef6990 method=java.util.Arrays.binarySearch0([Ljava/lang/Object;IILjava/lang/Object;Ljava/util/Comparator;)I @ 25 c2
Event: 5.404 Thread 0x000001c068a68000 DEOPT PACKING pc=0x000001c057ef6990 sp=0x00000008a31f3560
Event: 5.404 Thread 0x000001c068a68000 DEOPT UNPACKING pc=0x000001c05021662f sp=0x00000008a31f3480 mode 2
Event: 5.404 Thread 0x000001c068a68000 Uncommon trap: trap_request=0xffffffbe fr.pc=0x000001c057ef6990 relative=0x0000000000000310
Event: 5.404 Thread 0x000001c068a68000 Uncommon trap: reason=profile_predicate action=maybe_recompile pc=0x000001c057ef6990 method=java.util.Arrays.binarySearch0([Ljava/lang/Object;IILjava/lang/Object;Ljava/util/Comparator;)I @ 25 c2
Event: 5.404 Thread 0x000001c068a68000 DEOPT PACKING pc=0x000001c057ef6990 sp=0x00000008a31f3560
Event: 5.404 Thread 0x000001c068a68000 DEOPT UNPACKING pc=0x000001c05021662f sp=0x00000008a31f3480 mode 2
Event: 5.404 Thread 0x000001c068a68000 Uncommon trap: trap_request=0xffffffbe fr.pc=0x000001c057ef6990 relative=0x0000000000000310
Event: 5.404 Thread 0x000001c068a68000 Uncommon trap: reason=profile_predicate action=maybe_recompile pc=0x000001c057ef6990 method=java.util.Arrays.binarySearch0([Ljava/lang/Object;IILjava/lang/Object;Ljava/util/Comparator;)I @ 25 c2
Event: 5.404 Thread 0x000001c068a68000 DEOPT PACKING pc=0x000001c057ef6990 sp=0x00000008a31f35e0
Event: 5.404 Thread 0x000001c068a68000 DEOPT UNPACKING pc=0x000001c05021662f sp=0x00000008a31f3500 mode 2
Event: 5.404 Thread 0x000001c068a68000 Uncommon trap: trap_request=0xffffffbe fr.pc=0x000001c057eeecac relative=0x000000000000032c
Event: 5.404 Thread 0x000001c068a68000 Uncommon trap: reason=profile_predicate action=maybe_recompile pc=0x000001c057eeecac method=java.util.Arrays.binarySearch0([Ljava/lang/Object;IILjava/lang/Object;Ljava/util/Comparator;)I @ 25 c2
Event: 5.404 Thread 0x000001c068a68000 DEOPT PACKING pc=0x000001c057eeecac sp=0x00000008a31f3550
Event: 5.404 Thread 0x000001c068a68000 DEOPT UNPACKING pc=0x000001c05021662f sp=0x00000008a31f34f0 mode 2
Event: 5.429 Thread 0x000001c068a68000 Uncommon trap: trap_request=0xffffff4d fr.pc=0x000001c057ef7348 relative=0x0000000000000228
Event: 5.429 Thread 0x000001c068a68000 Uncommon trap: reason=unstable_if action=reinterpret pc=0x000001c057ef7348 method=java.security.SecureClassLoader$CodeSourceKey.hashCode()I @ 9 c2
Event: 5.429 Thread 0x000001c068a68000 DEOPT PACKING pc=0x000001c057ef7348 sp=0x00000008a31f26b0
Event: 5.429 Thread 0x000001c068a68000 DEOPT UNPACKING pc=0x000001c05021662f sp=0x00000008a31f2640 mode 2

Classes redefined (0 events):
No events

Internal exceptions (20 events):
Event: 4.773 Thread 0x000001c068a68000 Exception <a 'java/lang/ClassNotFoundException'{0x0000000086babd18}: org/gradle/api/tasks/DeleteBeanInfo> (0x0000000086babd18) thrown at [./src/hotspot/share/classfile/systemDictionary.cpp, line 231]
Event: 4.774 Thread 0x000001c068a68000 Exception <a 'java/lang/ClassNotFoundException'{0x0000000086bd9798}: org/gradle/api/internal/ConventionTaskBeanInfo> (0x0000000086bd9798) thrown at [./src/hotspot/share/classfile/systemDictionary.cpp, line 231]
Event: 4.786 Thread 0x000001c068a68000 Exception <a 'java/lang/ClassNotFoundException'{0x000000008ff036f8}: org/gradle/api/DefaultTaskBeanInfo> (0x000000008ff036f8) thrown at [./src/hotspot/share/classfile/systemDictionary.cpp, line 231]
Event: 4.787 Thread 0x000001c068a68000 Exception <a 'java/lang/ClassNotFoundException'{0x000000008ff31190}: org/gradle/api/internal/AbstractTaskBeanInfo> (0x000000008ff31190) thrown at [./src/hotspot/share/classfile/systemDictionary.cpp, line 231]
Event: 4.788 Thread 0x000001c068a68000 Exception <a 'java/lang/ClassNotFoundException'{0x000000008ff5f138}: org/gradle/api/internal/AbstractTaskCustomizer> (0x000000008ff5f138) thrown at [./src/hotspot/share/classfile/systemDictionary.cpp, line 231]
Event: 4.790 Thread 0x000001c068a68000 Exception <a 'java/lang/ClassNotFoundException'{0x000000008ffd2700}: org/gradle/api/DefaultTaskCustomizer> (0x000000008ffd2700) thrown at [./src/hotspot/share/classfile/systemDictionary.cpp, line 231]
Event: 4.793 Thread 0x000001c068a68000 Exception <a 'java/lang/ClassNotFoundException'{0x000000008fe54da0}: org/gradle/api/internal/ConventionTaskCustomizer> (0x000000008fe54da0) thrown at [./src/hotspot/share/classfile/systemDictionary.cpp, line 231]
Event: 4.794 Thread 0x000001c068a68000 Exception <a 'java/lang/ClassNotFoundException'{0x000000008fe8d8a8}: org/gradle/api/tasks/DeleteCustomizer> (0x000000008fe8d8a8) thrown at [./src/hotspot/share/classfile/systemDictionary.cpp, line 231]
Event: 4.795 Thread 0x000001c068a68000 Exception <a 'java/lang/ClassNotFoundException'{0x000000008fecc9a8}: org/gradle/api/tasks/Delete_DecoratedCustomizer> (0x000000008fecc9a8) thrown at [./src/hotspot/share/classfile/systemDictionary.cpp, line 231]
Event: 4.810 Thread 0x000001c068a68000 Exception <a 'java/lang/ClassNotFoundException'{0x000000008fc64430}: build_2d9brjny5nc4u55cqk0jw39xoBeanInfo> (0x000000008fc64430) thrown at [./src/hotspot/share/classfile/systemDictionary.cpp, line 231]
Event: 4.810 Thread 0x000001c068a68000 Exception <a 'java/lang/ClassNotFoundException'{0x000000008fc6f3e8}: build_2d9brjny5nc4u55cqk0jw39xoCustomizer> (0x000000008fc6f3e8) thrown at [./src/hotspot/share/classfile/systemDictionary.cpp, line 231]
Event: 4.911 Thread 0x000001c068a68000 Exception <a 'java/lang/NoSuchMethodError'{0x000000008f1ae148}: 'java.lang.Object java.lang.invoke.DirectMethodHandle$Holder.invokeStatic(java.lang.Object, java.lang.Object, java.lang.Object, java.lang.Object, int)'> (0x000000008f1ae148) thrown at [./src/hotspot/share/interpreter/linkResolver.cpp, line 773]
Event: 4.911 Thread 0x000001c068a68000 Exception <a 'java/lang/NoSuchMethodError'{0x000000008f1b2b40}: 'java.lang.Object java.lang.invoke.DirectMethodHandle$Holder.invokeSpecial(java.lang.Object, java.lang.Object, java.lang.Object, java.lang.Object, java.lang.Object, int)'> (0x000000008f1b2b40) thrown at [./src/hotspot/share/interpreter/linkResolver.cpp, line 773]
Event: 4.911 Thread 0x000001c068a68000 Exception <a 'java/lang/NoSuchMethodError'{0x000000008f1b7180}: 'java.lang.Object java.lang.invoke.Invokers$Holder.linkToTargetMethod(java.lang.Object, java.lang.Object, java.lang.Object, int, java.lang.Object)'> (0x000000008f1b7180) thrown at [./src/hotspot/share/interpreter/linkResolver.cpp, line 773]
Event: 5.042 Thread 0x000001c068a68000 Exception <a 'java/lang/NoSuchMethodError'{0x000000008e3b2ed0}: 'java.lang.Object java.lang.invoke.DirectMethodHandle$Holder.invokeSpecial(java.lang.Object, java.lang.Object, int, int, java.lang.Object, java.lang.Object, java.lang.Object)'> (0x000000008e3b2ed0) thrown at [./src/hotspot/share/interpreter/linkResolver.cpp, line 773]
Event: 5.042 Thread 0x000001c068a68000 Exception <a 'java/lang/NoSuchMethodError'{0x000000008e3b7450}: 'java.lang.Object java.lang.invoke.DelegatingMethodHandle$Holder.reinvoke_L(java.lang.Object, int, int, java.lang.Object, java.lang.Object, java.lang.Object)'> (0x000000008e3b7450) thrown at [./src/hotspot/share/interpreter/linkResolver.cpp, line 773]
Event: 5.180 Thread 0x000001c068a68000 Exception <a 'java/lang/NoSuchMethodError'{0x000000008d6ac808}: 'int java.lang.invoke.DirectMethodHandle$Holder.invokeInterface(java.lang.Object, java.lang.Object, java.lang.Object, java.lang.Object)'> (0x000000008d6ac808) thrown at [./src/hotspot/share/interpreter/linkResolver.cpp, line 773]
Event: 5.322 Thread 0x000001c068a68000 Exception <a 'java/lang/NoSuchMethodError'{0x000000008c7c3368}: 'void java.lang.invoke.DirectMethodHandle$Holder.invokeInterface(java.lang.Object, java.lang.Object, java.lang.Object, java.lang.Object)'> (0x000000008c7c3368) thrown at [./src/hotspot/share/interpreter/linkResolver.cpp, line 773]
Event: 5.396 Thread 0x000001c068a68000 Exception <a 'java/lang/IncompatibleClassChangeError'{0x000000008bff6d38}: Found class java.lang.Object, but interface was expected> (0x000000008bff6d38) thrown at [./src/hotspot/share/interpreter/linkResolver.cpp, line 839]
Event: 5.429 Thread 0x000001c068a68000 Implicit null exception at 0x000001c057ef7154 to 0x000001c057ef7338

Events (20 events):
Event: 5.455 loading class com/android/build/api/artifact/MultipleArtifact
Event: 5.455 loading class com/android/build/api/artifact/MultipleArtifact done
Event: 5.455 loading class com/android/build/api/artifact/Artifact$Multiple
Event: 5.455 loading class com/android/build/api/artifact/Artifact$Multiple done
Event: 5.455 loading class com/android/build/api/artifact/Artifact
Event: 5.455 loading class com/android/build/api/artifact/Artifact done
Event: 5.456 loading class com/android/build/api/artifact/Artifact$Companion
Event: 5.456 loading class com/android/build/api/artifact/Artifact$Companion done
Event: 5.456 loading class com/android/build/api/artifact/ArtifactKind$FILE
Event: 5.456 loading class com/android/build/api/artifact/ArtifactKind$FILE done
Event: 5.456 loading class com/android/build/api/artifact/ArtifactKind
Event: 5.456 loading class com/android/build/api/artifact/ArtifactKind done
Event: 5.456 loading class com/android/build/api/artifact/ArtifactKind$DIRECTORY
Event: 5.456 loading class com/android/build/api/artifact/ArtifactKind$DIRECTORY done
Event: 5.456 loading class com/android/build/api/artifact/Artifact$Category
Event: 5.456 loading class com/android/build/api/artifact/Artifact$Category done
Event: 5.457 loading class com/android/build/api/artifact/impl/MultipleArtifactContainer
Event: 5.457 loading class com/android/build/api/artifact/impl/MultipleArtifactContainer done
Event: 5.457 loading class com/android/build/api/artifact/impl/ArtifactContainer
Event: 5.457 loading class com/android/build/api/artifact/impl/ArtifactContainer done


Dynamic libraries:
0x00007ff76ee90000 - 0x00007ff76ee9a000 	C:\Program Files\Android\Android Studio\jre\bin\java.exe
0x00007ffda64d0000 - 0x00007ffda66c5000 	C:\WINDOWS\SYSTEM32\ntdll.dll
0x00007ffda53c0000 - 0x00007ffda547d000 	C:\WINDOWS\System32\KERNEL32.DLL
0x00007ffda3fd0000 - 0x00007ffda429d000 	C:\WINDOWS\System32\KERNELBASE.dll
0x00007ffda3c80000 - 0x00007ffda3d80000 	C:\WINDOWS\System32\ucrtbase.dll
0x00007ffd93200000 - 0x00007ffd93217000 	C:\Program Files\Android\Android Studio\jre\bin\VCRUNTIME140.dll
0x00007ffd92c50000 - 0x00007ffd92c69000 	C:\Program Files\Android\Android Studio\jre\bin\jli.dll
0x00007ffda50d0000 - 0x00007ffda5270000 	C:\WINDOWS\System32\USER32.dll
0x00007ffda3d80000 - 0x00007ffda3da2000 	C:\WINDOWS\System32\win32u.dll
0x00007ffd8ef00000 - 0x00007ffd8f19a000 	C:\WINDOWS\WinSxS\amd64_microsoft.windows.common-controls_6595b64144ccf1df_6.0.19041.1110_none_60b5254171f9507e\COMCTL32.dll
0x00007ffda6290000 - 0x00007ffda62ba000 	C:\WINDOWS\System32\GDI32.dll
0x00007ffda5ca0000 - 0x00007ffda5d3e000 	C:\WINDOWS\System32\msvcrt.dll
0x00007ffda3e90000 - 0x00007ffda3f9b000 	C:\WINDOWS\System32\gdi32full.dll
0x00007ffda3be0000 - 0x00007ffda3c7d000 	C:\WINDOWS\System32\msvcp_win.dll
0x00007ffda4d30000 - 0x00007ffda4d60000 	C:\WINDOWS\System32\IMM32.DLL
0x00007ffd8fb10000 - 0x00007ffd8fbad000 	C:\Program Files\Android\Android Studio\jre\bin\msvcp140.dll
0x00007ffd5ee40000 - 0x00007ffd5f915000 	C:\Program Files\Android\Android Studio\jre\bin\server\jvm.dll
0x00007ffda5b60000 - 0x00007ffda5c0e000 	C:\WINDOWS\System32\ADVAPI32.dll
0x00007ffda62c0000 - 0x00007ffda635c000 	C:\WINDOWS\System32\sechost.dll
0x00007ffda6360000 - 0x00007ffda6485000 	C:\WINDOWS\System32\RPCRT4.dll
0x00007ffda52d0000 - 0x00007ffda52d8000 	C:\WINDOWS\System32\PSAPI.DLL
0x00007ffd92bf0000 - 0x00007ffd92c17000 	C:\WINDOWS\SYSTEM32\WINMM.dll
0x00007ffd9d310000 - 0x00007ffd9d319000 	C:\WINDOWS\SYSTEM32\WSOCK32.dll
0x00007ffd9c700000 - 0x00007ffd9c70a000 	C:\WINDOWS\SYSTEM32\VERSION.dll
0x00007ffda5a30000 - 0x00007ffda5a9b000 	C:\WINDOWS\System32\WS2_32.dll
0x00007ffda2470000 - 0x00007ffda2482000 	C:\WINDOWS\SYSTEM32\kernel.appcore.dll
0x00007ffd9e8e0000 - 0x00007ffd9e8f1000 	C:\Program Files\Android\Android Studio\jre\bin\verify.dll
0x00007ffda19e0000 - 0x00007ffda1bc4000 	C:\WINDOWS\SYSTEM32\DBGHELP.DLL
0x00007ffd84b30000 - 0x00007ffd84b5c000 	C:\WINDOWS\SYSTEM32\dbgcore.DLL
0x00007ffda3db0000 - 0x00007ffda3e32000 	C:\WINDOWS\System32\bcryptPrimitives.dll
0x00007ffd9df80000 - 0x00007ffd9dfa9000 	C:\Program Files\Android\Android Studio\jre\bin\java.dll
0x00007ffd9e540000 - 0x00007ffd9e54b000 	C:\Program Files\Android\Android Studio\jre\bin\jimage.dll
0x00007ffd9df60000 - 0x00007ffd9df78000 	C:\Program Files\Android\Android Studio\jre\bin\zip.dll
0x00007ffda45e0000 - 0x00007ffda4d24000 	C:\WINDOWS\System32\SHELL32.dll
0x00007ffda1cc0000 - 0x00007ffda2454000 	C:\WINDOWS\SYSTEM32\windows.storage.dll
0x00007ffda4d70000 - 0x00007ffda50c4000 	C:\WINDOWS\System32\combase.dll
0x00007ffda3640000 - 0x00007ffda366c000 	C:\WINDOWS\SYSTEM32\Wldp.dll
0x00007ffda55d0000 - 0x00007ffda567d000 	C:\WINDOWS\System32\SHCORE.dll
0x00007ffda5270000 - 0x00007ffda52c5000 	C:\WINDOWS\System32\shlwapi.dll
0x00007ffda3b20000 - 0x00007ffda3b3f000 	C:\WINDOWS\SYSTEM32\profapi.dll
0x00007ffd9df40000 - 0x00007ffd9df5a000 	C:\Program Files\Android\Android Studio\jre\bin\net.dll
0x00007ffd91d70000 - 0x00007ffd91e7a000 	C:\WINDOWS\SYSTEM32\WINHTTP.dll
0x00007ffda33a0000 - 0x00007ffda340a000 	C:\WINDOWS\system32\mswsock.dll
0x00007ffd9df20000 - 0x00007ffd9df34000 	C:\Program Files\Android\Android Studio\jre\bin\nio.dll
0x00007ffd9bc90000 - 0x00007ffd9bcb7000 	C:\Users\Lenovo\.gradle\native\e1d6ef7f7dcc3fd88c89a11ec53ec762bb8ba0a96d01ffa2cd45eb1d1d8dd5c5\windows-amd64\native-platform.dll
0x00007ffd47b50000 - 0x00007ffd47c94000 	C:\Users\Lenovo\.gradle\native\5664cfc778a61ccfe75a443a1ab52a65af34e5dc3c78e0209fed803814484fcb\windows-amd64\native-platform-file-events.dll
0x00007ffd9dfe0000 - 0x00007ffd9dfea000 	C:\Program Files\Android\Android Studio\jre\bin\management.dll
0x00007ffd9dea0000 - 0x00007ffd9dead000 	C:\Program Files\Android\Android Studio\jre\bin\management_ext.dll
0x00007ffda35a0000 - 0x00007ffda35b8000 	C:\WINDOWS\SYSTEM32\CRYPTSP.dll
0x00007ffda2cb0000 - 0x00007ffda2ce4000 	C:\WINDOWS\system32\rsaenh.dll
0x00007ffda3fa0000 - 0x00007ffda3fc7000 	C:\WINDOWS\System32\bcrypt.dll
0x00007ffda3ae0000 - 0x00007ffda3b0e000 	C:\WINDOWS\SYSTEM32\USERENV.dll
0x00007ffda3590000 - 0x00007ffda359c000 	C:\WINDOWS\SYSTEM32\CRYPTBASE.dll
0x00007ffda3040000 - 0x00007ffda307b000 	C:\WINDOWS\SYSTEM32\IPHLPAPI.DLL
0x00007ffda4d60000 - 0x00007ffda4d68000 	C:\WINDOWS\System32\NSI.dll
0x00007ffd9a6e0000 - 0x00007ffd9a6f7000 	C:\WINDOWS\SYSTEM32\dhcpcsvc6.DLL
0x00007ffd9a890000 - 0x00007ffd9a8ad000 	C:\WINDOWS\SYSTEM32\dhcpcsvc.DLL
0x00007ffda3080000 - 0x00007ffda314b000 	C:\WINDOWS\SYSTEM32\DNSAPI.dll

dbghelp: loaded successfully - version: 4.0.5 - missing functions: none
symbol engine: initialized successfully - sym options: 0x614 - pdb path: .;C:\Program Files\Android\Android Studio\jre\bin;C:\WINDOWS\SYSTEM32;C:\WINDOWS\WinSxS\amd64_microsoft.windows.common-controls_6595b64144ccf1df_6.0.19041.1110_none_60b5254171f9507e;C:\Program Files\Android\Android Studio\jre\bin\server;C:\Users\Lenovo\.gradle\native\e1d6ef7f7dcc3fd88c89a11ec53ec762bb8ba0a96d01ffa2cd45eb1d1d8dd5c5\windows-amd64;C:\Users\Lenovo\.gradle\native\5664cfc778a61ccfe75a443a1ab52a65af34e5dc3c78e0209fed803814484fcb\windows-amd64

VM Arguments:
jvm_args: --add-opens=java.base/java.util=ALL-UNNAMED --add-opens=java.base/java.lang=ALL-UNNAMED --add-opens=java.base/java.lang.invoke=ALL-UNNAMED --add-opens=java.base/java.util=ALL-UNNAMED --add-opens=java.prefs/java.util.prefs=ALL-UNNAMED --add-opens=java.prefs/java.util.prefs=ALL-UNNAMED --add-opens=java.base/java.nio.charset=ALL-UNNAMED --add-opens=java.base/java.net=ALL-UNNAMED --add-opens=java.base/java.util.concurrent.atomic=ALL-UNNAMED -Xmx2048m -Dfile.encoding=UTF-8 -Duser.country=US -Duser.language=en -Duser.variant 
java_command: org.gradle.launcher.daemon.bootstrap.GradleDaemon 7.2
java_class_path (initial): C:\Users\Lenovo\.gradle\wrapper\dists\gradle-7.2-bin\2dnblmf4td7x66yl1d74lt32g\gradle-7.2\lib\gradle-launcher-7.2.jar
Launcher Type: SUN_STANDARD

[Global flags]
     intx CICompilerCount                          = 4                                         {product} {ergonomic}
     uint ConcGCThreads                            = 3                                         {product} {ergonomic}
     uint G1ConcRefinementThreads                  = 10                                        {product} {ergonomic}
   size_t G1HeapRegionSize                         = 1048576                                   {product} {ergonomic}
    uintx GCDrainStackTargetSize                   = 64                                        {product} {ergonomic}
   size_t InitialHeapSize                          = 268435456                                 {product} {ergonomic}
   size_t MarkStackSize                            = 4194304                                   {product} {ergonomic}
   size_t MaxHeapSize                              = 2147483648                                {product} {command line}
   size_t MaxNewSize                               = 1287651328                                {product} {ergonomic}
   size_t MinHeapDeltaBytes                        = 1048576                                   {product} {ergonomic}
    uintx NonNMethodCodeHeapSize                   = 5836300                                {pd product} {ergonomic}
    uintx NonProfiledCodeHeapSize                  = 122910970                              {pd product} {ergonomic}
    uintx ProfiledCodeHeapSize                     = 122910970                              {pd product} {ergonomic}
    uintx ReservedCodeCacheSize                    = 251658240                              {pd product} {ergonomic}
     bool SegmentedCodeCache                       = true                                      {product} {ergonomic}
     bool UseCompressedClassPointers               = true                                 {lp64_product} {ergonomic}
     bool UseCompressedOops                        = true                                 {lp64_product} {ergonomic}
     bool UseG1GC                                  = true                                      {product} {ergonomic}
     bool UseLargePagesIndividualAllocation        = false                                  {pd product} {ergonomic}

Logging:
Log output configuration:
 #0: stdout all=warning uptime,level,tags
 #1: stderr all=off uptime,level,tags

Environment Variables:
PATH=C:\Program Files\Common Files\Oracle\Java\javapath;C:\WINDOWS\system32;C:\WINDOWS;C:\WINDOWS\System32\Wbem;C:\WINDOWS\System32\WindowsPowerShell\v1.0\;C:\WINDOWS\System32\OpenSSH\;C:\Program Files\Microsoft SQL Server\110\Tools\Binn\;C:\Program Files (x86)\Microsoft SQL Server\110\Tools\Binn\;C:\Program Files\Microsoft SQL Server\110\DTS\Binn\;C:\Program Files (x86)\Microsoft SQL Server\110\Tools\Binn\ManagementStudio\;C:\Program Files (x86)\Microsoft Visual Studio 10.0\Common7\IDE\PrivateAssemblies\;C:\Program Files (x86)\Microsoft SQL Server\110\DTS\Binn\;C:\Program Files\NVIDIA Corporation\NVIDIA NvDLISR;C:\Program Files\Azure Data Studio\bin;C:\Program Files (x86)\Microsoft SQL Server\150\DTS\Binn\;D:\Git\cmd;C:\Program Files\MongoDB\Server\5.0\bin;C:\Program Files\Git\cmd;C:\Program Files\Java\jdk1.8.0_202\bin;C:\Program Files\Cloudflare\Cloudflare WARP\;C:\Users\Lenovo\AppData\Local\Microsoft\WindowsApps;C:\Program Files\Azure Data Studio\bin;D:\Microsoft VS Code\bin;C:\Users\Lenovo\AppData\Local\GitHubDesktop\bin
USERNAME=Lenovo
OS=Windows_NT
PROCESSOR_IDENTIFIER=Intel64 Family 6 Model 158 Stepping 10, GenuineIntel



---------------  S Y S T E M  ---------------

OS: Windows 10 , 64 bit Build 19041 (10.0.19041.1706)
OS uptime: 0 days 22:35 hours

CPU:total 12 (initial active 12) (6 cores per cpu, 2 threads per core) family 6 model 158 stepping 10 microcode 0xec, cmov, cx8, fxsr, mmx, sse, sse2, sse3, ssse3, sse4.1, sse4.2, popcnt, avx, avx2, aes, clmul, erms, 3dnowpref, lzcnt, ht, tsc, tscinvbit, bmi1, bmi2, adx, fma

Memory: 4k page, system-wide physical 16294M (4229M free)
TotalPageFile size 18342M (AvailPageFile size 15M)
current process WorkingSet (physical memory assigned to process): 426M, peak: 435M
current process commit charge ("private bytes"): 512M, peak: 522M

vm_info: OpenJDK 64-Bit Server VM (11.0.11+9-b60-7590822) for windows-amd64 JRE (11.0.11+9-b60-7590822), built on Jul 29 2021 21:43:44 by "builder" with MS VC++ 14.0 (VS2015)

END.
